Analysis & Synthesis report for GG210
Mon Dec 09 02:49:21 2019
Quartus II 64-Bit Version 13.0.0 Build 156 04/24/2013 SJ Web Edition


---------------------
; Table of Contents ;
---------------------
  1. Legal Notice
  2. Analysis & Synthesis Summary
  3. Analysis & Synthesis Settings
  4. Parallel Compilation
  5. Analysis & Synthesis IP Cores Summary
  6. Analysis & Synthesis Messages



----------------
; Legal Notice ;
----------------
Copyright (C) 1991-2013 Altera Corporation
Your use of Altera Corporation's design tools, logic functions 
and other software and tools, and its AMPP partner logic 
functions, and any output files from any of the foregoing 
(including device programming or simulation files), and any 
associated documentation or information are expressly subject 
to the terms and conditions of the Altera Program License 
Subscription Agreement, Altera MegaCore Function License 
Agreement, or other applicable license agreement, including, 
without limitation, that your use is for the sole purpose of 
programming logic devices manufactured by Altera and sold by 
Altera or its authorized distributors.  Please refer to the 
applicable agreement for further details.



+---------------------------------------------------------------------------------+
; Analysis & Synthesis Summary                                                    ;
+------------------------------------+--------------------------------------------+
; Analysis & Synthesis Status        ; Failed - Mon Dec 09 02:49:20 2019          ;
; Quartus II 64-Bit Version          ; 13.0.0 Build 156 04/24/2013 SJ Web Edition ;
; Revision Name                      ; GG210                                      ;
; Top-level Entity Name              ; GG210                                      ;
; Family                             ; Cyclone II                                 ;
; Total logic elements               ; N/A until Partition Merge                  ;
;     Total combinational functions  ; N/A until Partition Merge                  ;
;     Dedicated logic registers      ; N/A until Partition Merge                  ;
; Total registers                    ; N/A until Partition Merge                  ;
; Total pins                         ; N/A until Partition Merge                  ;
; Total virtual pins                 ; N/A until Partition Merge                  ;
; Total memory bits                  ; N/A until Partition Merge                  ;
; Embedded Multiplier 9-bit elements ; N/A until Partition Merge                  ;
; Total PLLs                         ; N/A until Partition Merge                  ;
+------------------------------------+--------------------------------------------+


+----------------------------------------------------------------------------------------------------------------------+
; Analysis & Synthesis Settings                                                                                        ;
+----------------------------------------------------------------------------+--------------------+--------------------+
; Option                                                                     ; Setting            ; Default Value      ;
+----------------------------------------------------------------------------+--------------------+--------------------+
; Device                                                                     ; EP2C35F672C6       ;                    ;
; Top-level entity name                                                      ; GG210              ; GG210              ;
; Family name                                                                ; Cyclone II         ; Cyclone IV GX      ;
; Use smart compilation                                                      ; Off                ; Off                ;
; Enable parallel Assembler and TimeQuest Timing Analyzer during compilation ; On                 ; On                 ;
; Enable compact report table                                                ; Off                ; Off                ;
; Restructure Multiplexers                                                   ; Auto               ; Auto               ;
; Create Debugging Nodes for IP Cores                                        ; Off                ; Off                ;
; Preserve fewer node names                                                  ; On                 ; On                 ;
; Disable OpenCore Plus hardware evaluation                                  ; Off                ; Off                ;
; Verilog Version                                                            ; Verilog_2001       ; Verilog_2001       ;
; VHDL Version                                                               ; VHDL_1993          ; VHDL_1993          ;
; State Machine Processing                                                   ; Auto               ; Auto               ;
; Safe State Machine                                                         ; Off                ; Off                ;
; Extract Verilog State Machines                                             ; On                 ; On                 ;
; Extract VHDL State Machines                                                ; On                 ; On                 ;
; Ignore Verilog initial constructs                                          ; Off                ; Off                ;
; Iteration limit for constant Verilog loops                                 ; 5000               ; 5000               ;
; Iteration limit for non-constant Verilog loops                             ; 250                ; 250                ;
; Add Pass-Through Logic to Inferred RAMs                                    ; On                 ; On                 ;
; Infer RAMs from Raw Logic                                                  ; On                 ; On                 ;
; Parallel Synthesis                                                         ; On                 ; On                 ;
; DSP Block Balancing                                                        ; Auto               ; Auto               ;
; NOT Gate Push-Back                                                         ; On                 ; On                 ;
; Power-Up Don't Care                                                        ; On                 ; On                 ;
; Remove Redundant Logic Cells                                               ; Off                ; Off                ;
; Remove Duplicate Registers                                                 ; On                 ; On                 ;
; Ignore CARRY Buffers                                                       ; Off                ; Off                ;
; Ignore CASCADE Buffers                                                     ; Off                ; Off                ;
; Ignore GLOBAL Buffers                                                      ; Off                ; Off                ;
; Ignore ROW GLOBAL Buffers                                                  ; Off                ; Off                ;
; Ignore LCELL Buffers                                                       ; Off                ; Off                ;
; Ignore SOFT Buffers                                                        ; On                 ; On                 ;
; Limit AHDL Integers to 32 Bits                                             ; Off                ; Off                ;
; Optimization Technique                                                     ; Balanced           ; Balanced           ;
; Carry Chain Length                                                         ; 70                 ; 70                 ;
; Auto Carry Chains                                                          ; On                 ; On                 ;
; Auto Open-Drain Pins                                                       ; On                 ; On                 ;
; Perform WYSIWYG Primitive Resynthesis                                      ; Off                ; Off                ;
; Auto ROM Replacement                                                       ; On                 ; On                 ;
; Auto RAM Replacement                                                       ; On                 ; On                 ;
; Auto Shift Register Replacement                                            ; Auto               ; Auto               ;
; Allow Shift Register Merging across Hierarchies                            ; Auto               ; Auto               ;
; Auto Clock Enable Replacement                                              ; On                 ; On                 ;
; Strict RAM Replacement                                                     ; Off                ; Off                ;
; Allow Synchronous Control Signals                                          ; On                 ; On                 ;
; Force Use of Synchronous Clear Signals                                     ; Off                ; Off                ;
; Auto RAM to Logic Cell Conversion                                          ; Off                ; Off                ;
; Auto Resource Sharing                                                      ; Off                ; Off                ;
; Allow Any RAM Size For Recognition                                         ; Off                ; Off                ;
; Allow Any ROM Size For Recognition                                         ; Off                ; Off                ;
; Allow Any Shift Register Size For Recognition                              ; Off                ; Off                ;
; Use LogicLock Constraints during Resource Balancing                        ; On                 ; On                 ;
; Ignore translate_off and synthesis_off directives                          ; Off                ; Off                ;
; Timing-Driven Synthesis                                                    ; Off                ; Off                ;
; Report Parameter Settings                                                  ; On                 ; On                 ;
; Report Source Assignments                                                  ; On                 ; On                 ;
; Report Connectivity Checks                                                 ; On                 ; On                 ;
; Ignore Maximum Fan-Out Assignments                                         ; Off                ; Off                ;
; Synchronization Register Chain Length                                      ; 2                  ; 2                  ;
; PowerPlay Power Optimization                                               ; Normal compilation ; Normal compilation ;
; HDL message level                                                          ; Level2             ; Level2             ;
; Suppress Register Optimization Related Messages                            ; Off                ; Off                ;
; Number of Removed Registers Reported in Synthesis Report                   ; 5000               ; 5000               ;
; Number of Swept Nodes Reported in Synthesis Report                         ; 5000               ; 5000               ;
; Number of Inverted Registers Reported in Synthesis Report                  ; 100                ; 100                ;
; Clock MUX Protection                                                       ; On                 ; On                 ;
; Auto Gated Clock Conversion                                                ; Off                ; Off                ;
; Block Design Naming                                                        ; Auto               ; Auto               ;
; SDC constraint protection                                                  ; Off                ; Off                ;
; Synthesis Effort                                                           ; Auto               ; Auto               ;
; Shift Register Replacement - Allow Asynchronous Clear Signal               ; On                 ; On                 ;
; Pre-Mapping Resynthesis Optimization                                       ; Off                ; Off                ;
; Analysis & Synthesis Message Level                                         ; Medium             ; Medium             ;
; Disable Register Merging Across Hierarchies                                ; Auto               ; Auto               ;
; Resource Aware Inference For Block RAM                                     ; On                 ; On                 ;
; Synthesis Seed                                                             ; 1                  ; 1                  ;
+----------------------------------------------------------------------------+--------------------+--------------------+


Parallel compilation was disabled, but you have multiple processors available. Enable parallel compilation to reduce compilation time.
+-------------------------------------+
; Parallel Compilation                ;
+----------------------------+--------+
; Processors                 ; Number ;
+----------------------------+--------+
; Number detected on machine ; 4      ;
; Maximum allowed            ; 1      ;
+----------------------------+--------+


+------------------------------------------------------------------------------------------------------------------------------------------------------------------------+
; Analysis & Synthesis IP Cores Summary                                                                                                                                  ;
+--------+--------------+---------+--------------+--------------+---------------------+----------------------------------------------------------------------------------+
; Vendor ; IP Core Name ; Version ; Release Date ; License Type ; Entity Instance     ; IP Include File                                                                  ;
+--------+--------------+---------+--------------+--------------+---------------------+----------------------------------------------------------------------------------+
; Altera ; RAM: 1-PORT  ; N/A     ; N/A          ; N/A          ; |GG210|MEMDATA:mem  ; C:/Users/Crowler/Documents/GitHub/sistemas-digitais/DATAPATH/MEMDATA/MEMDATA.vhd ;
; Altera ; ROM: 1-PORT  ; N/A     ; N/A          ; N/A          ; |GG210|PRGDATA:pmem ; C:/Users/Crowler/Documents/GitHub/sistemas-digitais/DATAPATH/PRGDATA/PRGDATA.vhd ;
+--------+--------------+---------+--------------+--------------+---------------------+----------------------------------------------------------------------------------+


+-------------------------------+
; Analysis & Synthesis Messages ;
+-------------------------------+
Info: *******************************************************************
Info: Running Quartus II 64-Bit Analysis & Synthesis
    Info: Version 13.0.0 Build 156 04/24/2013 SJ Web Edition
    Info: Processing started: Mon Dec 09 02:49:18 2019
Info: Command: quartus_map --read_settings_files=on --write_settings_files=off GG210 -c GG210
Warning (20028): Parallel compilation is not licensed and has been disabled
Warning (12019): Can't analyze file -- file RC/RC.vhd is missing
Info (12021): Found 2 design units, including 1 entities, in source file reg0/reg0.vhd
    Info (12022): Found design unit 1: REG0-behavioral
    Info (12023): Found entity 1: REG0
Info (12021): Found 2 design units, including 1 entities, in source file add1/add1.vhd
    Info (12022): Found design unit 1: ADD1-dataflow
    Info (12023): Found entity 1: ADD1
Info (12021): Found 2 design units, including 1 entities, in source file memdata/memdata.vhd
    Info (12022): Found design unit 1: memdata-SYN
    Info (12023): Found entity 1: MEMDATA
Info (12021): Found 2 design units, including 1 entities, in source file comp0/comp0.vhd
    Info (12022): Found design unit 1: COMP0-dataflow
    Info (12023): Found entity 1: COMP0
Info (12021): Found 2 design units, including 1 entities, in source file comp/comp.vhd
    Info (12022): Found design unit 1: COMP-behavior
    Info (12023): Found entity 1: COMP
Info (12021): Found 2 design units, including 1 entities, in source file reg16/reg16.vhd
    Info (12022): Found design unit 1: REG16-behavioral
    Info (12023): Found entity 1: REG16
Info (12021): Found 2 design units, including 1 entities, in source file reg8/reg8.vhd
    Info (12022): Found design unit 1: REG8-behavioral
    Info (12023): Found entity 1: REG8
Info (12021): Found 2 design units, including 1 entities, in source file mux5e/mux5e.vhd
    Info (12022): Found design unit 1: MUX5E-dataflow
    Info (12023): Found entity 1: MUX5E
Info (12021): Found 2 design units, including 1 entities, in source file mux4e/mux4e.vhd
    Info (12022): Found design unit 1: MUX4E-dataflow
    Info (12023): Found entity 1: MUX4E
Info (12021): Found 2 design units, including 1 entities, in source file pc/pc.vhd
    Info (12022): Found design unit 1: PC-behavioral
    Info (12023): Found entity 1: PC
Info (12021): Found 2 design units, including 1 entities, in source file mux2e/mux2e.vhd
    Info (12022): Found design unit 1: MUX2E-dataflow
    Info (12023): Found entity 1: MUX2E
Info (12021): Found 2 design units, including 1 entities, in source file alu/alu.vhd
    Info (12022): Found design unit 1: ALU-behavioral
    Info (12023): Found entity 1: ALU
Info (12021): Found 2 design units, including 1 entities, in source file gg210.vhd
    Info (12022): Found design unit 1: GG210-behavioral
    Info (12023): Found entity 1: GG210
Info (12021): Found 2 design units, including 1 entities, in source file prgdata/prgdata.vhd
    Info (12022): Found design unit 1: prgdata-SYN
    Info (12023): Found entity 1: PRGDATA
Info (12127): Elaborating entity "GG210" for the top level hierarchy
Info (12128): Elaborating entity "PC" for hierarchy "PC:pcounter"
Warning (10492): VHDL Process Statement warning at PC.vhd(24): signal "pc_ld" is read inside the Process Statement but isn't in the Process Statement's sensitivity list
Info (12128): Elaborating entity "PRGDATA" for hierarchy "PRGDATA:pmem"
Info (12128): Elaborating entity "altsyncram" for hierarchy "PRGDATA:pmem|altsyncram:altsyncram_component"
Info (12130): Elaborated megafunction instantiation "PRGDATA:pmem|altsyncram:altsyncram_component"
Info (12133): Instantiated megafunction "PRGDATA:pmem|altsyncram:altsyncram_component" with the following parameter:
    Info (12134): Parameter "clock_enable_input_a" = "BYPASS"
    Info (12134): Parameter "clock_enable_output_a" = "BYPASS"
    Info (12134): Parameter "init_file" = "PRGDATA.mif"
    Info (12134): Parameter "intended_device_family" = "Cyclone II"
    Info (12134): Parameter "lpm_hint" = "ENABLE_RUNTIME_MOD=NO"
    Info (12134): Parameter "lpm_type" = "altsyncram"
    Info (12134): Parameter "numwords_a" = "1024"
    Info (12134): Parameter "operation_mode" = "ROM"
    Info (12134): Parameter "outdata_aclr_a" = "NONE"
    Info (12134): Parameter "outdata_reg_a" = "UNREGISTERED"
    Info (12134): Parameter "widthad_a" = "10"
    Info (12134): Parameter "width_a" = "16"
    Info (12134): Parameter "width_byteena_a" = "1"
Info (12021): Found 1 design units, including 1 entities, in source file db/altsyncram_g181.tdf
    Info (12023): Found entity 1: altsyncram_g181
Info (12128): Elaborating entity "altsyncram_g181" for hierarchy "PRGDATA:pmem|altsyncram:altsyncram_component|altsyncram_g181:auto_generated"
Info (12128): Elaborating entity "ADD1" for hierarchy "ADD1:ad1"
Info (12128): Elaborating entity "REG0" for hierarchy "REG0:R0"
Info (12128): Elaborating entity "REG8" for hierarchy "REG8:R1"
Warning (10492): VHDL Process Statement warning at REG8.vhd(22): signal "load" is read inside the Process Statement but isn't in the Process Statement's sensitivity list
Info (12128): Elaborating entity "MUX2E" for hierarchy "MUX2E:mux2"
Info (12128): Elaborating entity "REG16" for hierarchy "REG16:IR"
Warning (10492): VHDL Process Statement warning at REG16.vhd(22): signal "load" is read inside the Process Statement but isn't in the Process Statement's sensitivity list
Info (12128): Elaborating entity "MEMDATA" for hierarchy "MEMDATA:mem"
Info (12128): Elaborating entity "altsyncram" for hierarchy "MEMDATA:mem|altsyncram:altsyncram_component"
Info (12130): Elaborated megafunction instantiation "MEMDATA:mem|altsyncram:altsyncram_component"
Info (12133): Instantiated megafunction "MEMDATA:mem|altsyncram:altsyncram_component" with the following parameter:
    Info (12134): Parameter "clock_enable_input_a" = "BYPASS"
    Info (12134): Parameter "clock_enable_output_a" = "BYPASS"
    Info (12134): Parameter "intended_device_family" = "Cyclone II"
    Info (12134): Parameter "lpm_hint" = "ENABLE_RUNTIME_MOD=NO"
    Info (12134): Parameter "lpm_type" = "altsyncram"
    Info (12134): Parameter "numwords_a" = "256"
    Info (12134): Parameter "operation_mode" = "SINGLE_PORT"
    Info (12134): Parameter "outdata_aclr_a" = "NONE"
    Info (12134): Parameter "outdata_reg_a" = "UNREGISTERED"
    Info (12134): Parameter "power_up_uninitialized" = "FALSE"
    Info (12134): Parameter "widthad_a" = "8"
    Info (12134): Parameter "width_a" = "8"
    Info (12134): Parameter "width_byteena_a" = "1"
Info (12021): Found 1 design units, including 1 entities, in source file db/altsyncram_gra1.tdf
    Info (12023): Found entity 1: altsyncram_gra1
Info (12128): Elaborating entity "altsyncram_gra1" for hierarchy "MEMDATA:mem|altsyncram:altsyncram_component|altsyncram_gra1:auto_generated"
Info (12128): Elaborating entity "MUX4E" for hierarchy "MUX4E:mux5"
Info (12128): Elaborating entity "MUX5E" for hierarchy "MUX5E:mux5E1"
Info (12128): Elaborating entity "ALU" for hierarchy "ALU:ula"
Warning (10492): VHDL Process Statement warning at ALU.vhd(36): signal "result" is read inside the Process Statement but isn't in the Process Statement's sensitivity list
Warning (10631): VHDL Process Statement warning at ALU.vhd(20): inferring latch(es) for signal or variable "result", which holds its previous value in one or more paths through the process
Info (10041): Inferred latch for "result[0]" at ALU.vhd(20)
Info (10041): Inferred latch for "result[1]" at ALU.vhd(20)
Info (10041): Inferred latch for "result[2]" at ALU.vhd(20)
Info (10041): Inferred latch for "result[3]" at ALU.vhd(20)
Info (10041): Inferred latch for "result[4]" at ALU.vhd(20)
Info (10041): Inferred latch for "result[5]" at ALU.vhd(20)
Info (10041): Inferred latch for "result[6]" at ALU.vhd(20)
Info (10041): Inferred latch for "result[7]" at ALU.vhd(20)
Info (12128): Elaborating entity "COMP" for hierarchy "COMP:compa"
Error (12006): Node instance "mux5E2" instantiates undefined entity "MUX6E" File: C:/Users/Crowler/Documents/GitHub/sistemas-digitais/DATAPATH/GG210.vhd Line: 205
Error: Quartus II 64-Bit Analysis & Synthesis was unsuccessful. 1 error, 7 warnings
    Error: Peak virtual memory: 4653 megabytes
    Error: Processing ended: Mon Dec 09 02:49:21 2019
    Error: Elapsed time: 00:00:03
    Error: Total CPU time (on all processors): 00:00:02


