Analysis & Synthesis report for GG210
Wed Nov 13 14:01:34 2019
Quartus II 64-Bit Version 13.0.0 Build 156 04/24/2013 SJ Web Edition


---------------------
; Table of Contents ;
---------------------
  1. Legal Notice
  2. Analysis & Synthesis Summary
  3. Analysis & Synthesis Settings
  4. Parallel Compilation
  5. Analysis & Synthesis Source Files Read
  6. Analysis & Synthesis Resource Usage Summary
  7. Analysis & Synthesis Resource Utilization by Entity
  8. Analysis & Synthesis RAM Summary
  9. Analysis & Synthesis IP Cores Summary
 10. User-Specified and Inferred Latches
 11. Logic Cells Representing Combinational Loops
 12. General Register Statistics
 13. Multiplexer Restructuring Statistics (Restructuring Performed)
 14. Source assignments for PRGDATA:pmem|altsyncram:altsyncram_component|altsyncram_g181:auto_generated
 15. Source assignments for MEMDATA:mem|altsyncram:altsyncram_component|altsyncram_gra1:auto_generated
 16. Parameter Settings for User Entity Instance: PRGDATA:pmem|altsyncram:altsyncram_component
 17. Parameter Settings for User Entity Instance: MEMDATA:mem|altsyncram:altsyncram_component
 18. altsyncram Parameter Settings by Entity Instance
 19. Elapsed Time Per Partition
 20. Analysis & Synthesis Messages



----------------
; Legal Notice ;
----------------
Copyright (C) 1991-2013 Altera Corporation
Your use of Altera Corporation's design tools, logic functions 
and other software and tools, and its AMPP partner logic 
functions, and any output files from any of the foregoing 
(including device programming or simulation files), and any 
associated documentation or information are expressly subject 
to the terms and conditions of the Altera Program License 
Subscription Agreement, Altera MegaCore Function License 
Agreement, or other applicable license agreement, including, 
without limitation, that your use is for the sole purpose of 
programming logic devices manufactured by Altera and sold by 
Altera or its authorized distributors.  Please refer to the 
applicable agreement for further details.



+---------------------------------------------------------------------------------+
; Analysis & Synthesis Summary                                                    ;
+------------------------------------+--------------------------------------------+
; Analysis & Synthesis Status        ; Successful - Wed Nov 13 14:01:34 2019      ;
; Quartus II 64-Bit Version          ; 13.0.0 Build 156 04/24/2013 SJ Web Edition ;
; Revision Name                      ; GG210                                      ;
; Top-level Entity Name              ; GG210                                      ;
; Family                             ; Cyclone II                                 ;
; Total logic elements               ; 196                                        ;
;     Total combinational functions  ; 164                                        ;
;     Dedicated logic registers      ; 50                                         ;
; Total registers                    ; 50                                         ;
; Total pins                         ; 62                                         ;
; Total virtual pins                 ; 0                                          ;
; Total memory bits                  ; 18,432                                     ;
; Embedded Multiplier 9-bit elements ; 0                                          ;
; Total PLLs                         ; 0                                          ;
+------------------------------------+--------------------------------------------+


+----------------------------------------------------------------------------------------------------------------------+
; Analysis & Synthesis Settings                                                                                        ;
+----------------------------------------------------------------------------+--------------------+--------------------+
; Option                                                                     ; Setting            ; Default Value      ;
+----------------------------------------------------------------------------+--------------------+--------------------+
; Device                                                                     ; EP2C35F672C6       ;                    ;
; Top-level entity name                                                      ; GG210              ; GG210              ;
; Family name                                                                ; Cyclone II         ; Cyclone IV GX      ;
; Use smart compilation                                                      ; Off                ; Off                ;
; Enable parallel Assembler and TimeQuest Timing Analyzer during compilation ; On                 ; On                 ;
; Enable compact report table                                                ; Off                ; Off                ;
; Restructure Multiplexers                                                   ; Auto               ; Auto               ;
; Create Debugging Nodes for IP Cores                                        ; Off                ; Off                ;
; Preserve fewer node names                                                  ; On                 ; On                 ;
; Disable OpenCore Plus hardware evaluation                                  ; Off                ; Off                ;
; Verilog Version                                                            ; Verilog_2001       ; Verilog_2001       ;
; VHDL Version                                                               ; VHDL_1993          ; VHDL_1993          ;
; State Machine Processing                                                   ; Auto               ; Auto               ;
; Safe State Machine                                                         ; Off                ; Off                ;
; Extract Verilog State Machines                                             ; On                 ; On                 ;
; Extract VHDL State Machines                                                ; On                 ; On                 ;
; Ignore Verilog initial constructs                                          ; Off                ; Off                ;
; Iteration limit for constant Verilog loops                                 ; 5000               ; 5000               ;
; Iteration limit for non-constant Verilog loops                             ; 250                ; 250                ;
; Add Pass-Through Logic to Inferred RAMs                                    ; On                 ; On                 ;
; Infer RAMs from Raw Logic                                                  ; On                 ; On                 ;
; Parallel Synthesis                                                         ; On                 ; On                 ;
; DSP Block Balancing                                                        ; Auto               ; Auto               ;
; NOT Gate Push-Back                                                         ; On                 ; On                 ;
; Power-Up Don't Care                                                        ; On                 ; On                 ;
; Remove Redundant Logic Cells                                               ; Off                ; Off                ;
; Remove Duplicate Registers                                                 ; On                 ; On                 ;
; Ignore CARRY Buffers                                                       ; Off                ; Off                ;
; Ignore CASCADE Buffers                                                     ; Off                ; Off                ;
; Ignore GLOBAL Buffers                                                      ; Off                ; Off                ;
; Ignore ROW GLOBAL Buffers                                                  ; Off                ; Off                ;
; Ignore LCELL Buffers                                                       ; Off                ; Off                ;
; Ignore SOFT Buffers                                                        ; On                 ; On                 ;
; Limit AHDL Integers to 32 Bits                                             ; Off                ; Off                ;
; Optimization Technique                                                     ; Balanced           ; Balanced           ;
; Carry Chain Length                                                         ; 70                 ; 70                 ;
; Auto Carry Chains                                                          ; On                 ; On                 ;
; Auto Open-Drain Pins                                                       ; On                 ; On                 ;
; Perform WYSIWYG Primitive Resynthesis                                      ; Off                ; Off                ;
; Auto ROM Replacement                                                       ; On                 ; On                 ;
; Auto RAM Replacement                                                       ; On                 ; On                 ;
; Auto Shift Register Replacement                                            ; Auto               ; Auto               ;
; Allow Shift Register Merging across Hierarchies                            ; Auto               ; Auto               ;
; Auto Clock Enable Replacement                                              ; On                 ; On                 ;
; Strict RAM Replacement                                                     ; Off                ; Off                ;
; Allow Synchronous Control Signals                                          ; On                 ; On                 ;
; Force Use of Synchronous Clear Signals                                     ; Off                ; Off                ;
; Auto RAM to Logic Cell Conversion                                          ; Off                ; Off                ;
; Auto Resource Sharing                                                      ; Off                ; Off                ;
; Allow Any RAM Size For Recognition                                         ; Off                ; Off                ;
; Allow Any ROM Size For Recognition                                         ; Off                ; Off                ;
; Allow Any Shift Register Size For Recognition                              ; Off                ; Off                ;
; Use LogicLock Constraints during Resource Balancing                        ; On                 ; On                 ;
; Ignore translate_off and synthesis_off directives                          ; Off                ; Off                ;
; Timing-Driven Synthesis                                                    ; Off                ; Off                ;
; Report Parameter Settings                                                  ; On                 ; On                 ;
; Report Source Assignments                                                  ; On                 ; On                 ;
; Report Connectivity Checks                                                 ; On                 ; On                 ;
; Ignore Maximum Fan-Out Assignments                                         ; Off                ; Off                ;
; Synchronization Register Chain Length                                      ; 2                  ; 2                  ;
; PowerPlay Power Optimization                                               ; Normal compilation ; Normal compilation ;
; HDL message level                                                          ; Level2             ; Level2             ;
; Suppress Register Optimization Related Messages                            ; Off                ; Off                ;
; Number of Removed Registers Reported in Synthesis Report                   ; 5000               ; 5000               ;
; Number of Swept Nodes Reported in Synthesis Report                         ; 5000               ; 5000               ;
; Number of Inverted Registers Reported in Synthesis Report                  ; 100                ; 100                ;
; Clock MUX Protection                                                       ; On                 ; On                 ;
; Auto Gated Clock Conversion                                                ; Off                ; Off                ;
; Block Design Naming                                                        ; Auto               ; Auto               ;
; SDC constraint protection                                                  ; Off                ; Off                ;
; Synthesis Effort                                                           ; Auto               ; Auto               ;
; Shift Register Replacement - Allow Asynchronous Clear Signal               ; On                 ; On                 ;
; Pre-Mapping Resynthesis Optimization                                       ; Off                ; Off                ;
; Analysis & Synthesis Message Level                                         ; Medium             ; Medium             ;
; Disable Register Merging Across Hierarchies                                ; Auto               ; Auto               ;
; Resource Aware Inference For Block RAM                                     ; On                 ; On                 ;
; Synthesis Seed                                                             ; 1                  ; 1                  ;
+----------------------------------------------------------------------------+--------------------+--------------------+


Parallel compilation was disabled, but you have multiple processors available. Enable parallel compilation to reduce compilation time.
+-------------------------------------+
; Parallel Compilation                ;
+----------------------------+--------+
; Processors                 ; Number ;
+----------------------------+--------+
; Number detected on machine ; 4      ;
; Maximum allowed            ; 1      ;
+----------------------------+--------+


+-------------------------------------------------------------------------------------------------------------------------------------------------------------------------------------------+
; Analysis & Synthesis Source Files Read                                                                                                                                                    ;
+----------------------------------+-----------------+------------------------------+---------------------------------------------------------------------------------------------+---------+
; File Name with User-Entered Path ; Used in Netlist ; File Type                    ; File Name with Absolute Path                                                                ; Library ;
+----------------------------------+-----------------+------------------------------+---------------------------------------------------------------------------------------------+---------+
; REG0/REG0.vhd                    ; yes             ; User VHDL File               ; C:/Users/Crowler/Documents/GitHub/sistemas-digitais/Microcontrolador/REG0/REG0.vhd          ;         ;
; ADD1/ADD1.vhd                    ; yes             ; User VHDL File               ; C:/Users/Crowler/Documents/GitHub/sistemas-digitais/Microcontrolador/ADD1/ADD1.vhd          ;         ;
; MEMDATA/MEMDATA.vhd              ; yes             ; User Wizard-Generated File   ; C:/Users/Crowler/Documents/GitHub/sistemas-digitais/Microcontrolador/MEMDATA/MEMDATA.vhd    ;         ;
; COMP/COMP.vhd                    ; yes             ; User VHDL File               ; C:/Users/Crowler/Documents/GitHub/sistemas-digitais/Microcontrolador/COMP/COMP.vhd          ;         ;
; REG16/REG16.vhd                  ; yes             ; User VHDL File               ; C:/Users/Crowler/Documents/GitHub/sistemas-digitais/Microcontrolador/REG16/REG16.vhd        ;         ;
; REG8/REG8.vhd                    ; yes             ; User VHDL File               ; C:/Users/Crowler/Documents/GitHub/sistemas-digitais/Microcontrolador/REG8/REG8.vhd          ;         ;
; MUX5E/MUX5E.vhd                  ; yes             ; User VHDL File               ; C:/Users/Crowler/Documents/GitHub/sistemas-digitais/Microcontrolador/MUX5E/MUX5E.vhd        ;         ;
; MUX4E/MUX4E.vhd                  ; yes             ; User VHDL File               ; C:/Users/Crowler/Documents/GitHub/sistemas-digitais/Microcontrolador/MUX4E/MUX4E.vhd        ;         ;
; PC/PC.vhd                        ; yes             ; User VHDL File               ; C:/Users/Crowler/Documents/GitHub/sistemas-digitais/Microcontrolador/PC/PC.vhd              ;         ;
; MUX2E/MUX2E.vhd                  ; yes             ; User VHDL File               ; C:/Users/Crowler/Documents/GitHub/sistemas-digitais/Microcontrolador/MUX2E/MUX2E.vhd        ;         ;
; ALU/ALU.vhd                      ; yes             ; User VHDL File               ; C:/Users/Crowler/Documents/GitHub/sistemas-digitais/Microcontrolador/ALU/ALU.vhd            ;         ;
; GG210.vhd                        ; yes             ; User VHDL File               ; C:/Users/Crowler/Documents/GitHub/sistemas-digitais/Microcontrolador/GG210.vhd              ;         ;
; PRGDATA/PRGDATA.vhd              ; yes             ; User Wizard-Generated File   ; C:/Users/Crowler/Documents/GitHub/sistemas-digitais/Microcontrolador/PRGDATA/PRGDATA.vhd    ;         ;
; altsyncram.tdf                   ; yes             ; Megafunction                 ; c:/altera/13.0/quartus/libraries/megafunctions/altsyncram.tdf                               ;         ;
; stratix_ram_block.inc            ; yes             ; Megafunction                 ; c:/altera/13.0/quartus/libraries/megafunctions/stratix_ram_block.inc                        ;         ;
; lpm_mux.inc                      ; yes             ; Megafunction                 ; c:/altera/13.0/quartus/libraries/megafunctions/lpm_mux.inc                                  ;         ;
; lpm_decode.inc                   ; yes             ; Megafunction                 ; c:/altera/13.0/quartus/libraries/megafunctions/lpm_decode.inc                               ;         ;
; aglobal130.inc                   ; yes             ; Megafunction                 ; c:/altera/13.0/quartus/libraries/megafunctions/aglobal130.inc                               ;         ;
; a_rdenreg.inc                    ; yes             ; Megafunction                 ; c:/altera/13.0/quartus/libraries/megafunctions/a_rdenreg.inc                                ;         ;
; altrom.inc                       ; yes             ; Megafunction                 ; c:/altera/13.0/quartus/libraries/megafunctions/altrom.inc                                   ;         ;
; altram.inc                       ; yes             ; Megafunction                 ; c:/altera/13.0/quartus/libraries/megafunctions/altram.inc                                   ;         ;
; altdpram.inc                     ; yes             ; Megafunction                 ; c:/altera/13.0/quartus/libraries/megafunctions/altdpram.inc                                 ;         ;
; db/altsyncram_g181.tdf           ; yes             ; Auto-Generated Megafunction  ; C:/Users/Crowler/Documents/GitHub/sistemas-digitais/Microcontrolador/db/altsyncram_g181.tdf ;         ;
; db/altsyncram_gra1.tdf           ; yes             ; Auto-Generated Megafunction  ; C:/Users/Crowler/Documents/GitHub/sistemas-digitais/Microcontrolador/db/altsyncram_gra1.tdf ;         ;
+----------------------------------+-----------------+------------------------------+---------------------------------------------------------------------------------------------+---------+


+-----------------------------------------------------+
; Analysis & Synthesis Resource Usage Summary         ;
+---------------------------------------------+-------+
; Resource                                    ; Usage ;
+---------------------------------------------+-------+
; Estimated Total logic elements              ; 196   ;
;                                             ;       ;
; Total combinational functions               ; 164   ;
; Logic element usage by number of LUT inputs ;       ;
;     -- 4 input functions                    ; 85    ;
;     -- 3 input functions                    ; 36    ;
;     -- <=2 input functions                  ; 43    ;
;                                             ;       ;
; Logic elements by mode                      ;       ;
;     -- normal mode                          ; 133   ;
;     -- arithmetic mode                      ; 31    ;
;                                             ;       ;
; Total registers                             ; 50    ;
;     -- Dedicated logic registers            ; 50    ;
;     -- I/O registers                        ; 0     ;
;                                             ;       ;
; I/O pins                                    ; 62    ;
; Total memory bits                           ; 18432 ;
; Embedded Multiplier 9-bit elements          ; 0     ;
; Maximum fan-out node                        ; clk   ;
; Maximum fan-out                             ; 74    ;
; Total fan-out                               ; 1036  ;
; Average fan-out                             ; 3.45  ;
+---------------------------------------------+-------+


+-----------------------------------------------------------------------------------------------------------------------------------------------------------------------------------------------------------------------------------------------------------+
; Analysis & Synthesis Resource Utilization by Entity                                                                                                                                                                                                       ;
+-------------------------------------------+-------------------+--------------+-------------+--------------+---------+-----------+------+--------------+------------------------------------------------------------------------------------+--------------+
; Compilation Hierarchy Node                ; LC Combinationals ; LC Registers ; Memory Bits ; DSP Elements ; DSP 9x9 ; DSP 18x18 ; Pins ; Virtual Pins ; Full Hierarchy Name                                                                ; Library Name ;
+-------------------------------------------+-------------------+--------------+-------------+--------------+---------+-----------+------+--------------+------------------------------------------------------------------------------------+--------------+
; |GG210                                    ; 164 (0)           ; 50 (0)       ; 18432       ; 0            ; 0       ; 0         ; 62   ; 0            ; |GG210                                                                             ;              ;
;    |ALU:ula|                              ; 61 (61)           ; 0 (0)        ; 0           ; 0            ; 0       ; 0         ; 0    ; 0            ; |GG210|ALU:ula                                                                     ;              ;
;    |COMP:compa|                           ; 23 (23)           ; 0 (0)        ; 0           ; 0            ; 0       ; 0         ; 0    ; 0            ; |GG210|COMP:compa                                                                  ;              ;
;    |MEMDATA:mem|                          ; 0 (0)             ; 0 (0)        ; 2048        ; 0            ; 0       ; 0         ; 0    ; 0            ; |GG210|MEMDATA:mem                                                                 ;              ;
;       |altsyncram:altsyncram_component|   ; 0 (0)             ; 0 (0)        ; 2048        ; 0            ; 0       ; 0         ; 0    ; 0            ; |GG210|MEMDATA:mem|altsyncram:altsyncram_component                                 ;              ;
;          |altsyncram_gra1:auto_generated| ; 0 (0)             ; 0 (0)        ; 2048        ; 0            ; 0       ; 0         ; 0    ; 0            ; |GG210|MEMDATA:mem|altsyncram:altsyncram_component|altsyncram_gra1:auto_generated  ;              ;
;    |MUX4E:mux4|                           ; 16 (16)           ; 0 (0)        ; 0           ; 0            ; 0       ; 0         ; 0    ; 0            ; |GG210|MUX4E:mux4                                                                  ;              ;
;    |MUX5E:mux5E1|                         ; 27 (27)           ; 0 (0)        ; 0           ; 0            ; 0       ; 0         ; 0    ; 0            ; |GG210|MUX5E:mux5E1                                                                ;              ;
;    |MUX5E:mux5E2|                         ; 27 (27)           ; 0 (0)        ; 0           ; 0            ; 0       ; 0         ; 0    ; 0            ; |GG210|MUX5E:mux5E2                                                                ;              ;
;    |PC:pcounter|                          ; 10 (10)           ; 10 (10)      ; 0           ; 0            ; 0       ; 0         ; 0    ; 0            ; |GG210|PC:pcounter                                                                 ;              ;
;    |PRGDATA:pmem|                         ; 0 (0)             ; 0 (0)        ; 16384       ; 0            ; 0       ; 0         ; 0    ; 0            ; |GG210|PRGDATA:pmem                                                                ;              ;
;       |altsyncram:altsyncram_component|   ; 0 (0)             ; 0 (0)        ; 16384       ; 0            ; 0       ; 0         ; 0    ; 0            ; |GG210|PRGDATA:pmem|altsyncram:altsyncram_component                                ;              ;
;          |altsyncram_g181:auto_generated| ; 0 (0)             ; 0 (0)        ; 16384       ; 0            ; 0       ; 0         ; 0    ; 0            ; |GG210|PRGDATA:pmem|altsyncram:altsyncram_component|altsyncram_g181:auto_generated ;              ;
;    |REG16:IR|                             ; 0 (0)             ; 16 (16)      ; 0           ; 0            ; 0       ; 0         ; 0    ; 0            ; |GG210|REG16:IR                                                                    ;              ;
;    |REG8:R1|                              ; 0 (0)             ; 8 (8)        ; 0           ; 0            ; 0       ; 0         ; 0    ; 0            ; |GG210|REG8:R1                                                                     ;              ;
;    |REG8:R2|                              ; 0 (0)             ; 8 (8)        ; 0           ; 0            ; 0       ; 0         ; 0    ; 0            ; |GG210|REG8:R2                                                                     ;              ;
;    |REG8:R3|                              ; 0 (0)             ; 8 (8)        ; 0           ; 0            ; 0       ; 0         ; 0    ; 0            ; |GG210|REG8:R3                                                                     ;              ;
+-------------------------------------------+-------------------+--------------+-------------+--------------+---------+-----------+------+--------------+------------------------------------------------------------------------------------+--------------+
Note: For table entries with two numbers listed, the numbers in parentheses indicate the number of resources of the given type used by the specific entity alone. The numbers listed outside of parentheses indicate the total resources of the given type used by the specific entity and all of its sub-entities in the hierarchy.


+-----------------------------------------------------------------------------------------------------------------------------------------------------------------------------------------------+
; Analysis & Synthesis RAM Summary                                                                                                                                                              ;
+----------------------------------------------------------------------------------------+------+-------------+--------------+--------------+--------------+--------------+-------+-------------+
; Name                                                                                   ; Type ; Mode        ; Port A Depth ; Port A Width ; Port B Depth ; Port B Width ; Size  ; MIF         ;
+----------------------------------------------------------------------------------------+------+-------------+--------------+--------------+--------------+--------------+-------+-------------+
; MEMDATA:mem|altsyncram:altsyncram_component|altsyncram_gra1:auto_generated|ALTSYNCRAM  ; AUTO ; Single Port ; 256          ; 8            ; --           ; --           ; 2048  ; None        ;
; PRGDATA:pmem|altsyncram:altsyncram_component|altsyncram_g181:auto_generated|ALTSYNCRAM ; AUTO ; ROM         ; 1024         ; 16           ; --           ; --           ; 16384 ; PRGDATA.mif ;
+----------------------------------------------------------------------------------------+------+-------------+--------------+--------------+--------------+--------------+-------+-------------+


+--------------------------------------------------------------------------------------------------------------------------------------------------------------------------------+
; Analysis & Synthesis IP Cores Summary                                                                                                                                          ;
+--------+--------------+---------+--------------+--------------+---------------------+------------------------------------------------------------------------------------------+
; Vendor ; IP Core Name ; Version ; Release Date ; License Type ; Entity Instance     ; IP Include File                                                                          ;
+--------+--------------+---------+--------------+--------------+---------------------+------------------------------------------------------------------------------------------+
; Altera ; RAM: 1-PORT  ; N/A     ; N/A          ; N/A          ; |GG210|MEMDATA:mem  ; C:/Users/Crowler/Documents/GitHub/sistemas-digitais/Microcontrolador/MEMDATA/MEMDATA.vhd ;
; Altera ; ROM: 1-PORT  ; N/A     ; N/A          ; N/A          ; |GG210|PRGDATA:pmem ; C:/Users/Crowler/Documents/GitHub/sistemas-digitais/Microcontrolador/PRGDATA/PRGDATA.vhd ;
+--------+--------------+---------+--------------+--------------+---------------------+------------------------------------------------------------------------------------------+


+---------------------------------------------------------------------------------------------------+
; User-Specified and Inferred Latches                                                               ;
+----------------------------------------------------+---------------------+------------------------+
; Latch Name                                         ; Latch Enable Signal ; Free of Timing Hazards ;
+----------------------------------------------------+---------------------+------------------------+
; ALU:ula|result[0]                                  ; ALU:ula|Mux8        ; yes                    ;
; ALU:ula|result[1]                                  ; ALU:ula|Mux8        ; yes                    ;
; ALU:ula|result[2]                                  ; ALU:ula|Mux8        ; yes                    ;
; ALU:ula|result[3]                                  ; ALU:ula|Mux8        ; yes                    ;
; ALU:ula|result[4]                                  ; ALU:ula|Mux8        ; yes                    ;
; ALU:ula|result[5]                                  ; ALU:ula|Mux8        ; yes                    ;
; ALU:ula|result[6]                                  ; ALU:ula|Mux8        ; yes                    ;
; ALU:ula|result[7]                                  ; ALU:ula|Mux8        ; yes                    ;
; Number of user-specified and inferred latches = 8  ;                     ;                        ;
+----------------------------------------------------+---------------------+------------------------+
Note: All latches listed above may not be present at the end of synthesis due to various synthesis optimizations.


+------------------------------------------------------------+
; Logic Cells Representing Combinational Loops               ;
+--------------------------------------------------------+---+
; Logic Cell Name                                        ;   ;
+--------------------------------------------------------+---+
; MUX4E:mux4|Mux7~0                                      ;   ;
; MUX4E:mux4|Mux6~0                                      ;   ;
; MUX4E:mux4|Mux5~0                                      ;   ;
; MUX4E:mux4|Mux4~0                                      ;   ;
; MUX4E:mux4|Mux3~0                                      ;   ;
; MUX4E:mux4|Mux2~0                                      ;   ;
; MUX4E:mux4|Mux1~0                                      ;   ;
; MUX4E:mux4|Mux0~0                                      ;   ;
; Number of logic cells representing combinational loops ; 8 ;
+--------------------------------------------------------+---+
Note: All cells listed above may not be present at the end of synthesis due to various synthesis optimizations.


+------------------------------------------------------+
; General Register Statistics                          ;
+----------------------------------------------+-------+
; Statistic                                    ; Value ;
+----------------------------------------------+-------+
; Total registers                              ; 50    ;
; Number of registers using Synchronous Clear  ; 0     ;
; Number of registers using Synchronous Load   ; 10    ;
; Number of registers using Asynchronous Clear ; 50    ;
; Number of registers using Asynchronous Load  ; 0     ;
; Number of registers using Clock Enable       ; 50    ;
; Number of registers using Preset             ; 0     ;
+----------------------------------------------+-------+


+------------------------------------------------------------------------------------------------------------------------------------------+
; Multiplexer Restructuring Statistics (Restructuring Performed)                                                                           ;
+--------------------+-----------+---------------+----------------------+------------------------+------------+----------------------------+
; Multiplexer Inputs ; Bus Width ; Baseline Area ; Area if Restructured ; Saving if Restructured ; Registered ; Example Multiplexer Output ;
+--------------------+-----------+---------------+----------------------+------------------------+------------+----------------------------+
; 4:1                ; 8 bits    ; 16 LEs        ; 16 LEs               ; 0 LEs                  ; No         ; |GG210|MUX4E:mux4|Mux0     ;
; 8:1                ; 8 bits    ; 40 LEs        ; 24 LEs               ; 16 LEs                 ; No         ; |GG210|MUX5E:mux5E1|Mux7   ;
; 8:1                ; 8 bits    ; 40 LEs        ; 24 LEs               ; 16 LEs                 ; No         ; |GG210|MUX5E:mux5E2|Mux4   ;
; 7:1                ; 8 bits    ; 32 LEs        ; 32 LEs               ; 0 LEs                  ; No         ; |GG210|ALU:ula|Mux7        ;
+--------------------+-----------+---------------+----------------------+------------------------+------------+----------------------------+


+----------------------------------------------------------------------------------------------------+
; Source assignments for PRGDATA:pmem|altsyncram:altsyncram_component|altsyncram_g181:auto_generated ;
+---------------------------------+--------------------+------+--------------------------------------+
; Assignment                      ; Value              ; From ; To                                   ;
+---------------------------------+--------------------+------+--------------------------------------+
; OPTIMIZE_POWER_DURING_SYNTHESIS ; NORMAL_COMPILATION ; -    ; -                                    ;
+---------------------------------+--------------------+------+--------------------------------------+


+---------------------------------------------------------------------------------------------------+
; Source assignments for MEMDATA:mem|altsyncram:altsyncram_component|altsyncram_gra1:auto_generated ;
+---------------------------------+--------------------+------+-------------------------------------+
; Assignment                      ; Value              ; From ; To                                  ;
+---------------------------------+--------------------+------+-------------------------------------+
; OPTIMIZE_POWER_DURING_SYNTHESIS ; NORMAL_COMPILATION ; -    ; -                                   ;
+---------------------------------+--------------------+------+-------------------------------------+


+-------------------------------------------------------------------------------------------+
; Parameter Settings for User Entity Instance: PRGDATA:pmem|altsyncram:altsyncram_component ;
+------------------------------------+----------------------+-------------------------------+
; Parameter Name                     ; Value                ; Type                          ;
+------------------------------------+----------------------+-------------------------------+
; BYTE_SIZE_BLOCK                    ; 8                    ; Untyped                       ;
; AUTO_CARRY_CHAINS                  ; ON                   ; AUTO_CARRY                    ;
; IGNORE_CARRY_BUFFERS               ; OFF                  ; IGNORE_CARRY                  ;
; AUTO_CASCADE_CHAINS                ; ON                   ; AUTO_CASCADE                  ;
; IGNORE_CASCADE_BUFFERS             ; OFF                  ; IGNORE_CASCADE                ;
; WIDTH_BYTEENA                      ; 1                    ; Untyped                       ;
; OPERATION_MODE                     ; ROM                  ; Untyped                       ;
; WIDTH_A                            ; 16                   ; Signed Integer                ;
; WIDTHAD_A                          ; 10                   ; Signed Integer                ;
; NUMWORDS_A                         ; 1024                 ; Signed Integer                ;
; OUTDATA_REG_A                      ; UNREGISTERED         ; Untyped                       ;
; ADDRESS_ACLR_A                     ; NONE                 ; Untyped                       ;
; OUTDATA_ACLR_A                     ; NONE                 ; Untyped                       ;
; WRCONTROL_ACLR_A                   ; NONE                 ; Untyped                       ;
; INDATA_ACLR_A                      ; NONE                 ; Untyped                       ;
; BYTEENA_ACLR_A                     ; NONE                 ; Untyped                       ;
; WIDTH_B                            ; 1                    ; Untyped                       ;
; WIDTHAD_B                          ; 1                    ; Untyped                       ;
; NUMWORDS_B                         ; 1                    ; Untyped                       ;
; INDATA_REG_B                       ; CLOCK1               ; Untyped                       ;
; WRCONTROL_WRADDRESS_REG_B          ; CLOCK1               ; Untyped                       ;
; RDCONTROL_REG_B                    ; CLOCK1               ; Untyped                       ;
; ADDRESS_REG_B                      ; CLOCK1               ; Untyped                       ;
; OUTDATA_REG_B                      ; UNREGISTERED         ; Untyped                       ;
; BYTEENA_REG_B                      ; CLOCK1               ; Untyped                       ;
; INDATA_ACLR_B                      ; NONE                 ; Untyped                       ;
; WRCONTROL_ACLR_B                   ; NONE                 ; Untyped                       ;
; ADDRESS_ACLR_B                     ; NONE                 ; Untyped                       ;
; OUTDATA_ACLR_B                     ; NONE                 ; Untyped                       ;
; RDCONTROL_ACLR_B                   ; NONE                 ; Untyped                       ;
; BYTEENA_ACLR_B                     ; NONE                 ; Untyped                       ;
; WIDTH_BYTEENA_A                    ; 1                    ; Signed Integer                ;
; WIDTH_BYTEENA_B                    ; 1                    ; Untyped                       ;
; RAM_BLOCK_TYPE                     ; AUTO                 ; Untyped                       ;
; BYTE_SIZE                          ; 8                    ; Untyped                       ;
; READ_DURING_WRITE_MODE_MIXED_PORTS ; DONT_CARE            ; Untyped                       ;
; READ_DURING_WRITE_MODE_PORT_A      ; NEW_DATA_NO_NBE_READ ; Untyped                       ;
; READ_DURING_WRITE_MODE_PORT_B      ; NEW_DATA_NO_NBE_READ ; Untyped                       ;
; INIT_FILE                          ; PRGDATA.mif          ; Untyped                       ;
; INIT_FILE_LAYOUT                   ; PORT_A               ; Untyped                       ;
; MAXIMUM_DEPTH                      ; 0                    ; Untyped                       ;
; CLOCK_ENABLE_INPUT_A               ; BYPASS               ; Untyped                       ;
; CLOCK_ENABLE_INPUT_B               ; NORMAL               ; Untyped                       ;
; CLOCK_ENABLE_OUTPUT_A              ; BYPASS               ; Untyped                       ;
; CLOCK_ENABLE_OUTPUT_B              ; NORMAL               ; Untyped                       ;
; CLOCK_ENABLE_CORE_A                ; USE_INPUT_CLKEN      ; Untyped                       ;
; CLOCK_ENABLE_CORE_B                ; USE_INPUT_CLKEN      ; Untyped                       ;
; ENABLE_ECC                         ; FALSE                ; Untyped                       ;
; ECC_PIPELINE_STAGE_ENABLED         ; FALSE                ; Untyped                       ;
; WIDTH_ECCSTATUS                    ; 3                    ; Untyped                       ;
; DEVICE_FAMILY                      ; Cyclone II           ; Untyped                       ;
; CBXI_PARAMETER                     ; altsyncram_g181      ; Untyped                       ;
+------------------------------------+----------------------+-------------------------------+
Note: In order to hide this table in the UI and the text report file, please set the "Show Parameter Settings in Synthesis Report" option in "Analysis and Synthesis Settings -> More Settings" to "Off".


+------------------------------------------------------------------------------------------+
; Parameter Settings for User Entity Instance: MEMDATA:mem|altsyncram:altsyncram_component ;
+------------------------------------+----------------------+------------------------------+
; Parameter Name                     ; Value                ; Type                         ;
+------------------------------------+----------------------+------------------------------+
; BYTE_SIZE_BLOCK                    ; 8                    ; Untyped                      ;
; AUTO_CARRY_CHAINS                  ; ON                   ; AUTO_CARRY                   ;
; IGNORE_CARRY_BUFFERS               ; OFF                  ; IGNORE_CARRY                 ;
; AUTO_CASCADE_CHAINS                ; ON                   ; AUTO_CASCADE                 ;
; IGNORE_CASCADE_BUFFERS             ; OFF                  ; IGNORE_CASCADE               ;
; WIDTH_BYTEENA                      ; 1                    ; Untyped                      ;
; OPERATION_MODE                     ; SINGLE_PORT          ; Untyped                      ;
; WIDTH_A                            ; 8                    ; Signed Integer               ;
; WIDTHAD_A                          ; 8                    ; Signed Integer               ;
; NUMWORDS_A                         ; 256                  ; Signed Integer               ;
; OUTDATA_REG_A                      ; UNREGISTERED         ; Untyped                      ;
; ADDRESS_ACLR_A                     ; NONE                 ; Untyped                      ;
; OUTDATA_ACLR_A                     ; NONE                 ; Untyped                      ;
; WRCONTROL_ACLR_A                   ; NONE                 ; Untyped                      ;
; INDATA_ACLR_A                      ; NONE                 ; Untyped                      ;
; BYTEENA_ACLR_A                     ; NONE                 ; Untyped                      ;
; WIDTH_B                            ; 1                    ; Untyped                      ;
; WIDTHAD_B                          ; 1                    ; Untyped                      ;
; NUMWORDS_B                         ; 1                    ; Untyped                      ;
; INDATA_REG_B                       ; CLOCK1               ; Untyped                      ;
; WRCONTROL_WRADDRESS_REG_B          ; CLOCK1               ; Untyped                      ;
; RDCONTROL_REG_B                    ; CLOCK1               ; Untyped                      ;
; ADDRESS_REG_B                      ; CLOCK1               ; Untyped                      ;
; OUTDATA_REG_B                      ; UNREGISTERED         ; Untyped                      ;
; BYTEENA_REG_B                      ; CLOCK1               ; Untyped                      ;
; INDATA_ACLR_B                      ; NONE                 ; Untyped                      ;
; WRCONTROL_ACLR_B                   ; NONE                 ; Untyped                      ;
; ADDRESS_ACLR_B                     ; NONE                 ; Untyped                      ;
; OUTDATA_ACLR_B                     ; NONE                 ; Untyped                      ;
; RDCONTROL_ACLR_B                   ; NONE                 ; Untyped                      ;
; BYTEENA_ACLR_B                     ; NONE                 ; Untyped                      ;
; WIDTH_BYTEENA_A                    ; 1                    ; Signed Integer               ;
; WIDTH_BYTEENA_B                    ; 1                    ; Untyped                      ;
; RAM_BLOCK_TYPE                     ; AUTO                 ; Untyped                      ;
; BYTE_SIZE                          ; 8                    ; Untyped                      ;
; READ_DURING_WRITE_MODE_MIXED_PORTS ; DONT_CARE            ; Untyped                      ;
; READ_DURING_WRITE_MODE_PORT_A      ; NEW_DATA_NO_NBE_READ ; Untyped                      ;
; READ_DURING_WRITE_MODE_PORT_B      ; NEW_DATA_NO_NBE_READ ; Untyped                      ;
; INIT_FILE                          ; UNUSED               ; Untyped                      ;
; INIT_FILE_LAYOUT                   ; PORT_A               ; Untyped                      ;
; MAXIMUM_DEPTH                      ; 0                    ; Untyped                      ;
; CLOCK_ENABLE_INPUT_A               ; BYPASS               ; Untyped                      ;
; CLOCK_ENABLE_INPUT_B               ; NORMAL               ; Untyped                      ;
; CLOCK_ENABLE_OUTPUT_A              ; BYPASS               ; Untyped                      ;
; CLOCK_ENABLE_OUTPUT_B              ; NORMAL               ; Untyped                      ;
; CLOCK_ENABLE_CORE_A                ; USE_INPUT_CLKEN      ; Untyped                      ;
; CLOCK_ENABLE_CORE_B                ; USE_INPUT_CLKEN      ; Untyped                      ;
; ENABLE_ECC                         ; FALSE                ; Untyped                      ;
; ECC_PIPELINE_STAGE_ENABLED         ; FALSE                ; Untyped                      ;
; WIDTH_ECCSTATUS                    ; 3                    ; Untyped                      ;
; DEVICE_FAMILY                      ; Cyclone II           ; Untyped                      ;
; CBXI_PARAMETER                     ; altsyncram_gra1      ; Untyped                      ;
+------------------------------------+----------------------+------------------------------+
Note: In order to hide this table in the UI and the text report file, please set the "Show Parameter Settings in Synthesis Report" option in "Analysis and Synthesis Settings -> More Settings" to "Off".


+------------------------------------------------------------------------------------------+
; altsyncram Parameter Settings by Entity Instance                                         ;
+-------------------------------------------+----------------------------------------------+
; Name                                      ; Value                                        ;
+-------------------------------------------+----------------------------------------------+
; Number of entity instances                ; 2                                            ;
; Entity Instance                           ; PRGDATA:pmem|altsyncram:altsyncram_component ;
;     -- OPERATION_MODE                     ; ROM                                          ;
;     -- WIDTH_A                            ; 16                                           ;
;     -- NUMWORDS_A                         ; 1024                                         ;
;     -- OUTDATA_REG_A                      ; UNREGISTERED                                 ;
;     -- WIDTH_B                            ; 1                                            ;
;     -- NUMWORDS_B                         ; 1                                            ;
;     -- ADDRESS_REG_B                      ; CLOCK1                                       ;
;     -- OUTDATA_REG_B                      ; UNREGISTERED                                 ;
;     -- RAM_BLOCK_TYPE                     ; AUTO                                         ;
;     -- READ_DURING_WRITE_MODE_MIXED_PORTS ; DONT_CARE                                    ;
; Entity Instance                           ; MEMDATA:mem|altsyncram:altsyncram_component  ;
;     -- OPERATION_MODE                     ; SINGLE_PORT                                  ;
;     -- WIDTH_A                            ; 8                                            ;
;     -- NUMWORDS_A                         ; 256                                          ;
;     -- OUTDATA_REG_A                      ; UNREGISTERED                                 ;
;     -- WIDTH_B                            ; 1                                            ;
;     -- NUMWORDS_B                         ; 1                                            ;
;     -- ADDRESS_REG_B                      ; CLOCK1                                       ;
;     -- OUTDATA_REG_B                      ; UNREGISTERED                                 ;
;     -- RAM_BLOCK_TYPE                     ; AUTO                                         ;
;     -- READ_DURING_WRITE_MODE_MIXED_PORTS ; DONT_CARE                                    ;
+-------------------------------------------+----------------------------------------------+


+-------------------------------+
; Elapsed Time Per Partition    ;
+----------------+--------------+
; Partition Name ; Elapsed Time ;
+----------------+--------------+
; Top            ; 00:00:00     ;
+----------------+--------------+


+-------------------------------+
; Analysis & Synthesis Messages ;
+-------------------------------+
Info: *******************************************************************
Info: Running Quartus II 64-Bit Analysis & Synthesis
    Info: Version 13.0.0 Build 156 04/24/2013 SJ Web Edition
    Info: Processing started: Wed Nov 13 14:01:31 2019
Info: Command: quartus_map --read_settings_files=on --write_settings_files=off GG210 -c GG210
Warning (20028): Parallel compilation is not licensed and has been disabled
Info (12021): Found 2 design units, including 1 entities, in source file reg0/reg0.vhd
    Info (12022): Found design unit 1: REG0-behavioral
    Info (12023): Found entity 1: REG0
Info (12021): Found 2 design units, including 1 entities, in source file add1/add1.vhd
    Info (12022): Found design unit 1: ADD1-dataflow
    Info (12023): Found entity 1: ADD1
Info (12021): Found 2 design units, including 1 entities, in source file memdata/memdata.vhd
    Info (12022): Found design unit 1: memdata-SYN
    Info (12023): Found entity 1: MEMDATA
Info (12021): Found 2 design units, including 1 entities, in source file comp0/comp0.vhd
    Info (12022): Found design unit 1: COMP0-dataflow
    Info (12023): Found entity 1: COMP0
Info (12021): Found 2 design units, including 1 entities, in source file comp/comp.vhd
    Info (12022): Found design unit 1: COMP-behavior
    Info (12023): Found entity 1: COMP
Info (12021): Found 2 design units, including 1 entities, in source file reg16/reg16.vhd
    Info (12022): Found design unit 1: REG16-behavioral
    Info (12023): Found entity 1: REG16
Info (12021): Found 2 design units, including 1 entities, in source file reg8/reg8.vhd
    Info (12022): Found design unit 1: REG8-behavioral
    Info (12023): Found entity 1: REG8
Info (12021): Found 2 design units, including 1 entities, in source file mux5e/mux5e.vhd
    Info (12022): Found design unit 1: MUX5E-dataflow
    Info (12023): Found entity 1: MUX5E
Info (12021): Found 2 design units, including 1 entities, in source file mux4e/mux4e.vhd
    Info (12022): Found design unit 1: MUX4E-dataflow
    Info (12023): Found entity 1: MUX4E
Info (12021): Found 2 design units, including 1 entities, in source file pc/pc.vhd
    Info (12022): Found design unit 1: PC-behavioral
    Info (12023): Found entity 1: PC
Info (12021): Found 2 design units, including 1 entities, in source file mux2e/mux2e.vhd
    Info (12022): Found design unit 1: MUX2E-dataflow
    Info (12023): Found entity 1: MUX2E
Info (12021): Found 2 design units, including 1 entities, in source file alu/alu.vhd
    Info (12022): Found design unit 1: ALU-behavioral
    Info (12023): Found entity 1: ALU
Info (12021): Found 2 design units, including 1 entities, in source file gg210.vhd
    Info (12022): Found design unit 1: GG210-behavioral
    Info (12023): Found entity 1: GG210
Info (12021): Found 2 design units, including 1 entities, in source file prgdata/prgdata.vhd
    Info (12022): Found design unit 1: prgdata-SYN
    Info (12023): Found entity 1: PRGDATA
Info (12127): Elaborating entity "GG210" for the top level hierarchy
Info (12128): Elaborating entity "PC" for hierarchy "PC:pcounter"
Warning (10492): VHDL Process Statement warning at PC.vhd(22): signal "pc_ld" is read inside the Process Statement but isn't in the Process Statement's sensitivity list
Info (12128): Elaborating entity "PRGDATA" for hierarchy "PRGDATA:pmem"
Info (12128): Elaborating entity "altsyncram" for hierarchy "PRGDATA:pmem|altsyncram:altsyncram_component"
Info (12130): Elaborated megafunction instantiation "PRGDATA:pmem|altsyncram:altsyncram_component"
Info (12133): Instantiated megafunction "PRGDATA:pmem|altsyncram:altsyncram_component" with the following parameter:
    Info (12134): Parameter "clock_enable_input_a" = "BYPASS"
    Info (12134): Parameter "clock_enable_output_a" = "BYPASS"
    Info (12134): Parameter "init_file" = "PRGDATA.mif"
    Info (12134): Parameter "intended_device_family" = "Cyclone II"
    Info (12134): Parameter "lpm_hint" = "ENABLE_RUNTIME_MOD=NO"
    Info (12134): Parameter "lpm_type" = "altsyncram"
    Info (12134): Parameter "numwords_a" = "1024"
    Info (12134): Parameter "operation_mode" = "ROM"
    Info (12134): Parameter "outdata_aclr_a" = "NONE"
    Info (12134): Parameter "outdata_reg_a" = "UNREGISTERED"
    Info (12134): Parameter "widthad_a" = "10"
    Info (12134): Parameter "width_a" = "16"
    Info (12134): Parameter "width_byteena_a" = "1"
Info (12021): Found 1 design units, including 1 entities, in source file db/altsyncram_g181.tdf
    Info (12023): Found entity 1: altsyncram_g181
Info (12128): Elaborating entity "altsyncram_g181" for hierarchy "PRGDATA:pmem|altsyncram:altsyncram_component|altsyncram_g181:auto_generated"
Info (12128): Elaborating entity "ADD1" for hierarchy "ADD1:ad1"
Info (12128): Elaborating entity "REG0" for hierarchy "REG0:R0"
Info (12128): Elaborating entity "REG8" for hierarchy "REG8:R1"
Warning (10492): VHDL Process Statement warning at REG8.vhd(22): signal "load" is read inside the Process Statement but isn't in the Process Statement's sensitivity list
Info (12128): Elaborating entity "MUX2E" for hierarchy "MUX2E:mux2"
Info (12128): Elaborating entity "REG16" for hierarchy "REG16:IR"
Warning (10492): VHDL Process Statement warning at REG16.vhd(22): signal "load" is read inside the Process Statement but isn't in the Process Statement's sensitivity list
Info (12128): Elaborating entity "MEMDATA" for hierarchy "MEMDATA:mem"
Info (12128): Elaborating entity "altsyncram" for hierarchy "MEMDATA:mem|altsyncram:altsyncram_component"
Info (12130): Elaborated megafunction instantiation "MEMDATA:mem|altsyncram:altsyncram_component"
Info (12133): Instantiated megafunction "MEMDATA:mem|altsyncram:altsyncram_component" with the following parameter:
    Info (12134): Parameter "clock_enable_input_a" = "BYPASS"
    Info (12134): Parameter "clock_enable_output_a" = "BYPASS"
    Info (12134): Parameter "intended_device_family" = "Cyclone II"
    Info (12134): Parameter "lpm_hint" = "ENABLE_RUNTIME_MOD=NO"
    Info (12134): Parameter "lpm_type" = "altsyncram"
    Info (12134): Parameter "numwords_a" = "256"
    Info (12134): Parameter "operation_mode" = "SINGLE_PORT"
    Info (12134): Parameter "outdata_aclr_a" = "NONE"
    Info (12134): Parameter "outdata_reg_a" = "UNREGISTERED"
    Info (12134): Parameter "power_up_uninitialized" = "FALSE"
    Info (12134): Parameter "widthad_a" = "8"
    Info (12134): Parameter "width_a" = "8"
    Info (12134): Parameter "width_byteena_a" = "1"
Info (12021): Found 1 design units, including 1 entities, in source file db/altsyncram_gra1.tdf
    Info (12023): Found entity 1: altsyncram_gra1
Info (12128): Elaborating entity "altsyncram_gra1" for hierarchy "MEMDATA:mem|altsyncram:altsyncram_component|altsyncram_gra1:auto_generated"
Info (12128): Elaborating entity "MUX4E" for hierarchy "MUX4E:mux4"
Info (12128): Elaborating entity "MUX5E" for hierarchy "MUX5E:mux5E1"
Info (12128): Elaborating entity "ALU" for hierarchy "ALU:ula"
Warning (10492): VHDL Process Statement warning at ALU.vhd(25): signal "in1" is read inside the Process Statement but isn't in the Process Statement's sensitivity list
Warning (10492): VHDL Process Statement warning at ALU.vhd(25): signal "in2" is read inside the Process Statement but isn't in the Process Statement's sensitivity list
Warning (10492): VHDL Process Statement warning at ALU.vhd(26): signal "in1" is read inside the Process Statement but isn't in the Process Statement's sensitivity list
Warning (10492): VHDL Process Statement warning at ALU.vhd(26): signal "in2" is read inside the Process Statement but isn't in the Process Statement's sensitivity list
Warning (10492): VHDL Process Statement warning at ALU.vhd(34): signal "result" is read inside the Process Statement but isn't in the Process Statement's sensitivity list
Warning (10631): VHDL Process Statement warning at ALU.vhd(20): inferring latch(es) for signal or variable "result", which holds its previous value in one or more paths through the process
Info (10041): Inferred latch for "result[0]" at ALU.vhd(20)
Info (10041): Inferred latch for "result[1]" at ALU.vhd(20)
Info (10041): Inferred latch for "result[2]" at ALU.vhd(20)
Info (10041): Inferred latch for "result[3]" at ALU.vhd(20)
Info (10041): Inferred latch for "result[4]" at ALU.vhd(20)
Info (10041): Inferred latch for "result[5]" at ALU.vhd(20)
Info (10041): Inferred latch for "result[6]" at ALU.vhd(20)
Info (10041): Inferred latch for "result[7]" at ALU.vhd(20)
Info (12128): Elaborating entity "COMP" for hierarchy "COMP:compa"
Warning (13012): Latch ALU:ula|result[0] has unsafe behavior
    Warning (13013): Ports D and ENA on the latch are fed by the same signal alu_sel[1]
Warning (13012): Latch ALU:ula|result[1] has unsafe behavior
    Warning (13013): Ports D and ENA on the latch are fed by the same signal alu_sel[1]
Warning (13012): Latch ALU:ula|result[2] has unsafe behavior
    Warning (13013): Ports D and ENA on the latch are fed by the same signal alu_sel[1]
Warning (13012): Latch ALU:ula|result[3] has unsafe behavior
    Warning (13013): Ports D and ENA on the latch are fed by the same signal alu_sel[1]
Warning (13012): Latch ALU:ula|result[4] has unsafe behavior
    Warning (13013): Ports D and ENA on the latch are fed by the same signal alu_sel[1]
Warning (13012): Latch ALU:ula|result[5] has unsafe behavior
    Warning (13013): Ports D and ENA on the latch are fed by the same signal alu_sel[1]
Warning (13012): Latch ALU:ula|result[6] has unsafe behavior
    Warning (13013): Ports D and ENA on the latch are fed by the same signal alu_sel[1]
Warning (13012): Latch ALU:ula|result[7] has unsafe behavior
    Warning (13013): Ports D and ENA on the latch are fed by the same signal alu_sel[1]
Info (16010): Generating hard_block partition "hard_block:auto_generated_inst"
    Info (16011): Adding 0 node(s), including 0 DDIO, 0 PLL, 0 transceiver and 0 LCELL
Info (21057): Implemented 290 device resources after synthesis - the final resource count might be different
    Info (21058): Implemented 43 input pins
    Info (21059): Implemented 19 output pins
    Info (21061): Implemented 204 logic cells
    Info (21064): Implemented 24 RAM segments
Info: Quartus II 64-Bit Analysis & Synthesis was successful. 0 errors, 26 warnings
    Info: Peak virtual memory: 4658 megabytes
    Info: Processing ended: Wed Nov 13 14:01:34 2019
    Info: Elapsed time: 00:00:03
    Info: Total CPU time (on all processors): 00:00:03


