Analysis & Synthesis report for CTL2000
Mon Nov 18 15:01:21 2019
Quartus II 64-Bit Version 13.0.0 Build 156 04/24/2013 SJ Web Edition


---------------------
; Table of Contents ;
---------------------
  1. Legal Notice
  2. Analysis & Synthesis Summary
  3. Analysis & Synthesis Settings
  4. Parallel Compilation
  5. Analysis & Synthesis Source Files Read
  6. Analysis & Synthesis Resource Usage Summary
  7. Analysis & Synthesis Resource Utilization by Entity
  8. Analysis & Synthesis RAM Summary
  9. Analysis & Synthesis IP Cores Summary
 10. State Machine - |CTL2000|CU:control|state
 11. Registers Removed During Synthesis
 12. Removed Registers Triggering Further Register Optimizations
 13. General Register Statistics
 14. Source assignments for GG210:datapath|PRGDATA:pmem|altsyncram:altsyncram_component|altsyncram_g181:auto_generated
 15. Source assignments for GG210:datapath|MEMDATA:mem|altsyncram:altsyncram_component|altsyncram_gra1:auto_generated
 16. Parameter Settings for User Entity Instance: GG210:datapath|PRGDATA:pmem|altsyncram:altsyncram_component
 17. Parameter Settings for User Entity Instance: GG210:datapath|MEMDATA:mem|altsyncram:altsyncram_component
 18. altsyncram Parameter Settings by Entity Instance
 19. Elapsed Time Per Partition
 20. Analysis & Synthesis Messages



----------------
; Legal Notice ;
----------------
Copyright (C) 1991-2013 Altera Corporation
Your use of Altera Corporation's design tools, logic functions 
and other software and tools, and its AMPP partner logic 
functions, and any output files from any of the foregoing 
(including device programming or simulation files), and any 
associated documentation or information are expressly subject 
to the terms and conditions of the Altera Program License 
Subscription Agreement, Altera MegaCore Function License 
Agreement, or other applicable license agreement, including, 
without limitation, that your use is for the sole purpose of 
programming logic devices manufactured by Altera and sold by 
Altera or its authorized distributors.  Please refer to the 
applicable agreement for further details.



+---------------------------------------------------------------------------------+
; Analysis & Synthesis Summary                                                    ;
+------------------------------------+--------------------------------------------+
; Analysis & Synthesis Status        ; Successful - Mon Nov 18 15:01:21 2019      ;
; Quartus II 64-Bit Version          ; 13.0.0 Build 156 04/24/2013 SJ Web Edition ;
; Revision Name                      ; CTL2000                                    ;
; Top-level Entity Name              ; CTL2000                                    ;
; Family                             ; Cyclone II                                 ;
; Total logic elements               ; 8                                          ;
;     Total combinational functions  ; 1                                          ;
;     Dedicated logic registers      ; 7                                          ;
; Total registers                    ; 7                                          ;
; Total pins                         ; 26                                         ;
; Total virtual pins                 ; 0                                          ;
; Total memory bits                  ; 14                                         ;
; Embedded Multiplier 9-bit elements ; 0                                          ;
; Total PLLs                         ; 0                                          ;
+------------------------------------+--------------------------------------------+


+----------------------------------------------------------------------------------------------------------------------+
; Analysis & Synthesis Settings                                                                                        ;
+----------------------------------------------------------------------------+--------------------+--------------------+
; Option                                                                     ; Setting            ; Default Value      ;
+----------------------------------------------------------------------------+--------------------+--------------------+
; Device                                                                     ; EP2C35F672C6       ;                    ;
; Top-level entity name                                                      ; CTL2000            ; CTL2000            ;
; Family name                                                                ; Cyclone II         ; Cyclone IV GX      ;
; Use smart compilation                                                      ; Off                ; Off                ;
; Enable parallel Assembler and TimeQuest Timing Analyzer during compilation ; On                 ; On                 ;
; Enable compact report table                                                ; Off                ; Off                ;
; Restructure Multiplexers                                                   ; Auto               ; Auto               ;
; Create Debugging Nodes for IP Cores                                        ; Off                ; Off                ;
; Preserve fewer node names                                                  ; On                 ; On                 ;
; Disable OpenCore Plus hardware evaluation                                  ; Off                ; Off                ;
; Verilog Version                                                            ; Verilog_2001       ; Verilog_2001       ;
; VHDL Version                                                               ; VHDL_1993          ; VHDL_1993          ;
; State Machine Processing                                                   ; Auto               ; Auto               ;
; Safe State Machine                                                         ; Off                ; Off                ;
; Extract Verilog State Machines                                             ; On                 ; On                 ;
; Extract VHDL State Machines                                                ; On                 ; On                 ;
; Ignore Verilog initial constructs                                          ; Off                ; Off                ;
; Iteration limit for constant Verilog loops                                 ; 5000               ; 5000               ;
; Iteration limit for non-constant Verilog loops                             ; 250                ; 250                ;
; Add Pass-Through Logic to Inferred RAMs                                    ; On                 ; On                 ;
; Infer RAMs from Raw Logic                                                  ; On                 ; On                 ;
; Parallel Synthesis                                                         ; On                 ; On                 ;
; DSP Block Balancing                                                        ; Auto               ; Auto               ;
; NOT Gate Push-Back                                                         ; On                 ; On                 ;
; Power-Up Don't Care                                                        ; On                 ; On                 ;
; Remove Redundant Logic Cells                                               ; Off                ; Off                ;
; Remove Duplicate Registers                                                 ; On                 ; On                 ;
; Ignore CARRY Buffers                                                       ; Off                ; Off                ;
; Ignore CASCADE Buffers                                                     ; Off                ; Off                ;
; Ignore GLOBAL Buffers                                                      ; Off                ; Off                ;
; Ignore ROW GLOBAL Buffers                                                  ; Off                ; Off                ;
; Ignore LCELL Buffers                                                       ; Off                ; Off                ;
; Ignore SOFT Buffers                                                        ; On                 ; On                 ;
; Limit AHDL Integers to 32 Bits                                             ; Off                ; Off                ;
; Optimization Technique                                                     ; Balanced           ; Balanced           ;
; Carry Chain Length                                                         ; 70                 ; 70                 ;
; Auto Carry Chains                                                          ; On                 ; On                 ;
; Auto Open-Drain Pins                                                       ; On                 ; On                 ;
; Perform WYSIWYG Primitive Resynthesis                                      ; Off                ; Off                ;
; Auto ROM Replacement                                                       ; On                 ; On                 ;
; Auto RAM Replacement                                                       ; On                 ; On                 ;
; Auto Shift Register Replacement                                            ; Auto               ; Auto               ;
; Allow Shift Register Merging across Hierarchies                            ; Auto               ; Auto               ;
; Auto Clock Enable Replacement                                              ; On                 ; On                 ;
; Strict RAM Replacement                                                     ; Off                ; Off                ;
; Allow Synchronous Control Signals                                          ; On                 ; On                 ;
; Force Use of Synchronous Clear Signals                                     ; Off                ; Off                ;
; Auto RAM to Logic Cell Conversion                                          ; Off                ; Off                ;
; Auto Resource Sharing                                                      ; Off                ; Off                ;
; Allow Any RAM Size For Recognition                                         ; Off                ; Off                ;
; Allow Any ROM Size For Recognition                                         ; Off                ; Off                ;
; Allow Any Shift Register Size For Recognition                              ; Off                ; Off                ;
; Use LogicLock Constraints during Resource Balancing                        ; On                 ; On                 ;
; Ignore translate_off and synthesis_off directives                          ; Off                ; Off                ;
; Timing-Driven Synthesis                                                    ; Off                ; Off                ;
; Report Parameter Settings                                                  ; On                 ; On                 ;
; Report Source Assignments                                                  ; On                 ; On                 ;
; Report Connectivity Checks                                                 ; On                 ; On                 ;
; Ignore Maximum Fan-Out Assignments                                         ; Off                ; Off                ;
; Synchronization Register Chain Length                                      ; 2                  ; 2                  ;
; PowerPlay Power Optimization                                               ; Normal compilation ; Normal compilation ;
; HDL message level                                                          ; Level2             ; Level2             ;
; Suppress Register Optimization Related Messages                            ; Off                ; Off                ;
; Number of Removed Registers Reported in Synthesis Report                   ; 5000               ; 5000               ;
; Number of Swept Nodes Reported in Synthesis Report                         ; 5000               ; 5000               ;
; Number of Inverted Registers Reported in Synthesis Report                  ; 100                ; 100                ;
; Clock MUX Protection                                                       ; On                 ; On                 ;
; Auto Gated Clock Conversion                                                ; Off                ; Off                ;
; Block Design Naming                                                        ; Auto               ; Auto               ;
; SDC constraint protection                                                  ; Off                ; Off                ;
; Synthesis Effort                                                           ; Auto               ; Auto               ;
; Shift Register Replacement - Allow Asynchronous Clear Signal               ; On                 ; On                 ;
; Pre-Mapping Resynthesis Optimization                                       ; Off                ; Off                ;
; Analysis & Synthesis Message Level                                         ; Medium             ; Medium             ;
; Disable Register Merging Across Hierarchies                                ; Auto               ; Auto               ;
; Resource Aware Inference For Block RAM                                     ; On                 ; On                 ;
; Synthesis Seed                                                             ; 1                  ; 1                  ;
+----------------------------------------------------------------------------+--------------------+--------------------+


Parallel compilation was disabled, but you have multiple processors available. Enable parallel compilation to reduce compilation time.
+-------------------------------------+
; Parallel Compilation                ;
+----------------------------+--------+
; Processors                 ; Number ;
+----------------------------+--------+
; Number detected on machine ; 4      ;
; Maximum allowed            ; 1      ;
+----------------------------+--------+


+--------------------------------------------------------------------------------------------------------------------------------------------------------------------------------+
; Analysis & Synthesis Source Files Read                                                                                                                                         ;
+----------------------------------+-----------------+------------------------------+----------------------------------------------------------------------------------+---------+
; File Name with User-Entered Path ; Used in Netlist ; File Type                    ; File Name with Absolute Path                                                     ; Library ;
+----------------------------------+-----------------+------------------------------+----------------------------------------------------------------------------------+---------+
; DATAPATH/REG16/REG16.vhd         ; yes             ; User VHDL File               ; C:/Users/Crowler/Documents/GitHub/sistemas-digitais/DATAPATH/REG16/REG16.vhd     ;         ;
; DATAPATH/REG8/REG8.vhd           ; yes             ; User VHDL File               ; C:/Users/Crowler/Documents/GitHub/sistemas-digitais/DATAPATH/REG8/REG8.vhd       ;         ;
; DATAPATH/REG0/REG0.vhd           ; yes             ; User VHDL File               ; C:/Users/Crowler/Documents/GitHub/sistemas-digitais/DATAPATH/REG0/REG0.vhd       ;         ;
; DATAPATH/PRGDATA/PRGDATA.vhd     ; yes             ; User Wizard-Generated File   ; C:/Users/Crowler/Documents/GitHub/sistemas-digitais/DATAPATH/PRGDATA/PRGDATA.vhd ;         ;
; DATAPATH/PC/PC.vhd               ; yes             ; User VHDL File               ; C:/Users/Crowler/Documents/GitHub/sistemas-digitais/DATAPATH/PC/PC.vhd           ;         ;
; DATAPATH/MUX5E/MUX5E.vhd         ; yes             ; User VHDL File               ; C:/Users/Crowler/Documents/GitHub/sistemas-digitais/DATAPATH/MUX5E/MUX5E.vhd     ;         ;
; DATAPATH/MUX2E/MUX2E.vhd         ; yes             ; User VHDL File               ; C:/Users/Crowler/Documents/GitHub/sistemas-digitais/DATAPATH/MUX2E/MUX2E.vhd     ;         ;
; DATAPATH/MEMDATA/MEMDATA.vhd     ; yes             ; User Wizard-Generated File   ; C:/Users/Crowler/Documents/GitHub/sistemas-digitais/DATAPATH/MEMDATA/MEMDATA.vhd ;         ;
; DATAPATH/COMP/COMP.vhd           ; yes             ; User VHDL File               ; C:/Users/Crowler/Documents/GitHub/sistemas-digitais/DATAPATH/COMP/COMP.vhd       ;         ;
; DATAPATH/ALU/ALU.vhd             ; yes             ; User VHDL File               ; C:/Users/Crowler/Documents/GitHub/sistemas-digitais/DATAPATH/ALU/ALU.vhd         ;         ;
; DATAPATH/ADD1/ADD1.vhd           ; yes             ; User VHDL File               ; C:/Users/Crowler/Documents/GitHub/sistemas-digitais/DATAPATH/ADD1/ADD1.vhd       ;         ;
; CU/CU.vhd                        ; yes             ; User VHDL File               ; C:/Users/Crowler/Documents/GitHub/sistemas-digitais/CU/CU.vhd                    ;         ;
; DATAPATH/GG210.vhd               ; yes             ; User VHDL File               ; C:/Users/Crowler/Documents/GitHub/sistemas-digitais/DATAPATH/GG210.vhd           ;         ;
; CTL2000.vhd                      ; yes             ; User VHDL File               ; C:/Users/Crowler/Documents/GitHub/sistemas-digitais/CTL2000.vhd                  ;         ;
; altsyncram.tdf                   ; yes             ; Megafunction                 ; c:/altera/13.0/quartus/libraries/megafunctions/altsyncram.tdf                    ;         ;
; stratix_ram_block.inc            ; yes             ; Megafunction                 ; c:/altera/13.0/quartus/libraries/megafunctions/stratix_ram_block.inc             ;         ;
; lpm_mux.inc                      ; yes             ; Megafunction                 ; c:/altera/13.0/quartus/libraries/megafunctions/lpm_mux.inc                       ;         ;
; lpm_decode.inc                   ; yes             ; Megafunction                 ; c:/altera/13.0/quartus/libraries/megafunctions/lpm_decode.inc                    ;         ;
; aglobal130.inc                   ; yes             ; Megafunction                 ; c:/altera/13.0/quartus/libraries/megafunctions/aglobal130.inc                    ;         ;
; a_rdenreg.inc                    ; yes             ; Megafunction                 ; c:/altera/13.0/quartus/libraries/megafunctions/a_rdenreg.inc                     ;         ;
; altrom.inc                       ; yes             ; Megafunction                 ; c:/altera/13.0/quartus/libraries/megafunctions/altrom.inc                        ;         ;
; altram.inc                       ; yes             ; Megafunction                 ; c:/altera/13.0/quartus/libraries/megafunctions/altram.inc                        ;         ;
; altdpram.inc                     ; yes             ; Megafunction                 ; c:/altera/13.0/quartus/libraries/megafunctions/altdpram.inc                      ;         ;
; db/altsyncram_g181.tdf           ; yes             ; Auto-Generated Megafunction  ; C:/Users/Crowler/Documents/GitHub/sistemas-digitais/db/altsyncram_g181.tdf       ;         ;
; db/altsyncram_gra1.tdf           ; yes             ; Auto-Generated Megafunction  ; C:/Users/Crowler/Documents/GitHub/sistemas-digitais/db/altsyncram_gra1.tdf       ;         ;
+----------------------------------+-----------------+------------------------------+----------------------------------------------------------------------------------+---------+


+-----------------------------------------------------+
; Analysis & Synthesis Resource Usage Summary         ;
+---------------------------------------------+-------+
; Resource                                    ; Usage ;
+---------------------------------------------+-------+
; Estimated Total logic elements              ; 8     ;
;                                             ;       ;
; Total combinational functions               ; 1     ;
; Logic element usage by number of LUT inputs ;       ;
;     -- 4 input functions                    ; 0     ;
;     -- 3 input functions                    ; 0     ;
;     -- <=2 input functions                  ; 1     ;
;                                             ;       ;
; Logic elements by mode                      ;       ;
;     -- normal mode                          ; 1     ;
;     -- arithmetic mode                      ; 0     ;
;                                             ;       ;
; Total registers                             ; 7     ;
;     -- Dedicated logic registers            ; 7     ;
;     -- I/O registers                        ; 0     ;
;                                             ;       ;
; I/O pins                                    ; 26    ;
; Total memory bits                           ; 14    ;
; Embedded Multiplier 9-bit elements          ; 0     ;
; Maximum fan-out node                        ; clk   ;
; Maximum fan-out                             ; 14    ;
; Total fan-out                               ; 42    ;
; Average fan-out                             ; 1.02  ;
+---------------------------------------------+-------+


+------------------------------------------------------------------------------------------------------------------------------------------------------------------------------------------------------------------------------------------------------------------------------+
; Analysis & Synthesis Resource Utilization by Entity                                                                                                                                                                                                                          ;
+----------------------------------------------+-------------------+--------------+-------------+--------------+---------+-----------+------+--------------+----------------------------------------------------------------------------------------------------+--------------+
; Compilation Hierarchy Node                   ; LC Combinationals ; LC Registers ; Memory Bits ; DSP Elements ; DSP 9x9 ; DSP 18x18 ; Pins ; Virtual Pins ; Full Hierarchy Name                                                                                ; Library Name ;
+----------------------------------------------+-------------------+--------------+-------------+--------------+---------+-----------+------+--------------+----------------------------------------------------------------------------------------------------+--------------+
; |CTL2000                                     ; 1 (1)             ; 7 (0)        ; 14          ; 0            ; 0       ; 0         ; 26   ; 0            ; |CTL2000                                                                                           ;              ;
;    |GG210:datapath|                          ; 0 (0)             ; 7 (0)        ; 14          ; 0            ; 0       ; 0         ; 0    ; 0            ; |CTL2000|GG210:datapath                                                                            ;              ;
;       |MEMDATA:mem|                          ; 0 (0)             ; 0 (0)        ; 14          ; 0            ; 0       ; 0         ; 0    ; 0            ; |CTL2000|GG210:datapath|MEMDATA:mem                                                                ;              ;
;          |altsyncram:altsyncram_component|   ; 0 (0)             ; 0 (0)        ; 14          ; 0            ; 0       ; 0         ; 0    ; 0            ; |CTL2000|GG210:datapath|MEMDATA:mem|altsyncram:altsyncram_component                                ;              ;
;             |altsyncram_gra1:auto_generated| ; 0 (0)             ; 0 (0)        ; 14          ; 0            ; 0       ; 0         ; 0    ; 0            ; |CTL2000|GG210:datapath|MEMDATA:mem|altsyncram:altsyncram_component|altsyncram_gra1:auto_generated ;              ;
;       |REG8:R3|                              ; 0 (0)             ; 7 (7)        ; 0           ; 0            ; 0       ; 0         ; 0    ; 0            ; |CTL2000|GG210:datapath|REG8:R3                                                                    ;              ;
+----------------------------------------------+-------------------+--------------+-------------+--------------+---------+-----------+------+--------------+----------------------------------------------------------------------------------------------------+--------------+
Note: For table entries with two numbers listed, the numbers in parentheses indicate the number of resources of the given type used by the specific entity alone. The numbers listed outside of parentheses indicate the total resources of the given type used by the specific entity and all of its sub-entities in the hierarchy.


+-----------------------------------------------------------------------------------------------------------------------------------------------------------------------------------------------------+
; Analysis & Synthesis RAM Summary                                                                                                                                                                    ;
+------------------------------------------------------------------------------------------------------+------+-------------+--------------+--------------+--------------+--------------+------+------+
; Name                                                                                                 ; Type ; Mode        ; Port A Depth ; Port A Width ; Port B Depth ; Port B Width ; Size ; MIF  ;
+------------------------------------------------------------------------------------------------------+------+-------------+--------------+--------------+--------------+--------------+------+------+
; GG210:datapath|MEMDATA:mem|altsyncram:altsyncram_component|altsyncram_gra1:auto_generated|ALTSYNCRAM ; AUTO ; Single Port ; 256          ; 8            ; --           ; --           ; 2048 ; None ;
+------------------------------------------------------------------------------------------------------+------+-------------+--------------+--------------+--------------+--------------+------+------+


+-----------------------------------------------------------------------------------------------------------------------------------------------------------------------------------------+
; Analysis & Synthesis IP Cores Summary                                                                                                                                                   ;
+--------+--------------+---------+--------------+--------------+--------------------------------------+----------------------------------------------------------------------------------+
; Vendor ; IP Core Name ; Version ; Release Date ; License Type ; Entity Instance                      ; IP Include File                                                                  ;
+--------+--------------+---------+--------------+--------------+--------------------------------------+----------------------------------------------------------------------------------+
; Altera ; RAM: 1-PORT  ; N/A     ; N/A          ; N/A          ; |CTL2000|GG210:datapath|MEMDATA:mem  ; C:/Users/Crowler/Documents/GitHub/sistemas-digitais/DATAPATH/MEMDATA/MEMDATA.vhd ;
; Altera ; ROM: 1-PORT  ; N/A     ; N/A          ; N/A          ; |CTL2000|GG210:datapath|PRGDATA:pmem ; C:/Users/Crowler/Documents/GitHub/sistemas-digitais/DATAPATH/PRGDATA/PRGDATA.vhd ;
+--------+--------------+---------+--------------+--------------+--------------------------------------+----------------------------------------------------------------------------------+


Encoding Type:  One-Hot
+----------------------------------------------------------------------------------------------------------------------------------------------------------------------------------------------------------------------------------------------------------------------------------------------------------------------------------------------------------+
; State Machine - |CTL2000|CU:control|state                                                                                                                                                                                                                                                                                                                ;
+------------------+----------------+----------------+---------------+----------------+----------------+----------------+----------------+----------------+---------------+----------------+----------------+----------------+------------------+-----------------+---------------+--------------+--------------+--------------+-------------+-------------+
; Name             ; state.exe_jmph ; state.exe_jmpl ; state.exe_cmp ; state.exe_cjmp ; state.exe_goto ; state.exe_movi ; state.exe_ixor ; state.exe_inot ; state.exe_ior ; state.exe_iand ; state.exe_subi ; state.exe_addi ; state.exe_pinout ; state.exe_pinin ; state.exe_mov ; state.exe_st ; state.exe_ld ; state.decode ; state.fetch ; state.reset ;
+------------------+----------------+----------------+---------------+----------------+----------------+----------------+----------------+----------------+---------------+----------------+----------------+----------------+------------------+-----------------+---------------+--------------+--------------+--------------+-------------+-------------+
; state.reset      ; 0              ; 0              ; 0             ; 0              ; 0              ; 0              ; 0              ; 0              ; 0             ; 0              ; 0              ; 0              ; 0                ; 0               ; 0             ; 0            ; 0            ; 0            ; 0           ; 0           ;
; state.fetch      ; 0              ; 0              ; 0             ; 0              ; 0              ; 0              ; 0              ; 0              ; 0             ; 0              ; 0              ; 0              ; 0                ; 0               ; 0             ; 0            ; 0            ; 0            ; 1           ; 1           ;
; state.decode     ; 0              ; 0              ; 0             ; 0              ; 0              ; 0              ; 0              ; 0              ; 0             ; 0              ; 0              ; 0              ; 0                ; 0               ; 0             ; 0            ; 0            ; 1            ; 0           ; 1           ;
; state.exe_ld     ; 0              ; 0              ; 0             ; 0              ; 0              ; 0              ; 0              ; 0              ; 0             ; 0              ; 0              ; 0              ; 0                ; 0               ; 0             ; 0            ; 1            ; 0            ; 0           ; 1           ;
; state.exe_st     ; 0              ; 0              ; 0             ; 0              ; 0              ; 0              ; 0              ; 0              ; 0             ; 0              ; 0              ; 0              ; 0                ; 0               ; 0             ; 1            ; 0            ; 0            ; 0           ; 1           ;
; state.exe_mov    ; 0              ; 0              ; 0             ; 0              ; 0              ; 0              ; 0              ; 0              ; 0             ; 0              ; 0              ; 0              ; 0                ; 0               ; 1             ; 0            ; 0            ; 0            ; 0           ; 1           ;
; state.exe_pinin  ; 0              ; 0              ; 0             ; 0              ; 0              ; 0              ; 0              ; 0              ; 0             ; 0              ; 0              ; 0              ; 0                ; 1               ; 0             ; 0            ; 0            ; 0            ; 0           ; 1           ;
; state.exe_pinout ; 0              ; 0              ; 0             ; 0              ; 0              ; 0              ; 0              ; 0              ; 0             ; 0              ; 0              ; 0              ; 1                ; 0               ; 0             ; 0            ; 0            ; 0            ; 0           ; 1           ;
; state.exe_addi   ; 0              ; 0              ; 0             ; 0              ; 0              ; 0              ; 0              ; 0              ; 0             ; 0              ; 0              ; 1              ; 0                ; 0               ; 0             ; 0            ; 0            ; 0            ; 0           ; 1           ;
; state.exe_subi   ; 0              ; 0              ; 0             ; 0              ; 0              ; 0              ; 0              ; 0              ; 0             ; 0              ; 1              ; 0              ; 0                ; 0               ; 0             ; 0            ; 0            ; 0            ; 0           ; 1           ;
; state.exe_iand   ; 0              ; 0              ; 0             ; 0              ; 0              ; 0              ; 0              ; 0              ; 0             ; 1              ; 0              ; 0              ; 0                ; 0               ; 0             ; 0            ; 0            ; 0            ; 0           ; 1           ;
; state.exe_ior    ; 0              ; 0              ; 0             ; 0              ; 0              ; 0              ; 0              ; 0              ; 1             ; 0              ; 0              ; 0              ; 0                ; 0               ; 0             ; 0            ; 0            ; 0            ; 0           ; 1           ;
; state.exe_inot   ; 0              ; 0              ; 0             ; 0              ; 0              ; 0              ; 0              ; 1              ; 0             ; 0              ; 0              ; 0              ; 0                ; 0               ; 0             ; 0            ; 0            ; 0            ; 0           ; 1           ;
; state.exe_ixor   ; 0              ; 0              ; 0             ; 0              ; 0              ; 0              ; 1              ; 0              ; 0             ; 0              ; 0              ; 0              ; 0                ; 0               ; 0             ; 0            ; 0            ; 0            ; 0           ; 1           ;
; state.exe_movi   ; 0              ; 0              ; 0             ; 0              ; 0              ; 1              ; 0              ; 0              ; 0             ; 0              ; 0              ; 0              ; 0                ; 0               ; 0             ; 0            ; 0            ; 0            ; 0           ; 1           ;
; state.exe_goto   ; 0              ; 0              ; 0             ; 0              ; 1              ; 0              ; 0              ; 0              ; 0             ; 0              ; 0              ; 0              ; 0                ; 0               ; 0             ; 0            ; 0            ; 0            ; 0           ; 1           ;
; state.exe_cjmp   ; 0              ; 0              ; 0             ; 1              ; 0              ; 0              ; 0              ; 0              ; 0             ; 0              ; 0              ; 0              ; 0                ; 0               ; 0             ; 0            ; 0            ; 0            ; 0           ; 1           ;
; state.exe_cmp    ; 0              ; 0              ; 1             ; 0              ; 0              ; 0              ; 0              ; 0              ; 0             ; 0              ; 0              ; 0              ; 0                ; 0               ; 0             ; 0            ; 0            ; 0            ; 0           ; 1           ;
; state.exe_jmpl   ; 0              ; 1              ; 0             ; 0              ; 0              ; 0              ; 0              ; 0              ; 0             ; 0              ; 0              ; 0              ; 0                ; 0               ; 0             ; 0            ; 0            ; 0            ; 0           ; 1           ;
; state.exe_jmph   ; 1              ; 0              ; 0             ; 0              ; 0              ; 0              ; 0              ; 0              ; 0             ; 0              ; 0              ; 0              ; 0                ; 0               ; 0             ; 0            ; 0            ; 0            ; 0           ; 1           ;
+------------------+----------------+----------------+---------------+----------------+----------------+----------------+----------------+----------------+---------------+----------------+----------------+----------------+------------------+-----------------+---------------+--------------+--------------+--------------+-------------+-------------+


+--------------------------------------------------------------------------------------------+
; Registers Removed During Synthesis                                                         ;
+-------------------------------------------+------------------------------------------------+
; Register name                             ; Reason for Removal                             ;
+-------------------------------------------+------------------------------------------------+
; GG210:datapath|REG16:IR|data_out[1..15]   ; Stuck at GND due to stuck port clear           ;
; GG210:datapath|PC:pcounter|addr_out[0..9] ; Stuck at GND due to stuck port clear           ;
; GG210:datapath|REG8:RIN|data_out[0..7]    ; Lost fanout                                    ;
; GG210:datapath|REG8:R2|data_out[0..7]     ; Lost fanout                                    ;
; GG210:datapath|REG8:ROUT|data_out[0..7]   ; Stuck at GND due to stuck port clock_enable    ;
; GG210:datapath|REG8:R1|data_out[0]        ; Merged with GG210:datapath|REG8:R3|data_out[0] ;
; GG210:datapath|REG8:R1|data_out[1]        ; Merged with GG210:datapath|REG8:R3|data_out[1] ;
; GG210:datapath|REG8:R1|data_out[2]        ; Merged with GG210:datapath|REG8:R3|data_out[2] ;
; GG210:datapath|REG8:R1|data_out[3]        ; Merged with GG210:datapath|REG8:R3|data_out[3] ;
; GG210:datapath|REG8:R1|data_out[4]        ; Merged with GG210:datapath|REG8:R3|data_out[4] ;
; GG210:datapath|REG8:R1|data_out[5]        ; Merged with GG210:datapath|REG8:R3|data_out[5] ;
; GG210:datapath|REG8:R1|data_out[6]        ; Merged with GG210:datapath|REG8:R3|data_out[6] ;
; GG210:datapath|REG8:R1|data_out[7]        ; Merged with GG210:datapath|REG8:R3|data_out[7] ;
; GG210:datapath|REG8:R3|data_out[7]        ; Lost fanout                                    ;
; CU:control|state.exe_addi                 ; Lost fanout                                    ;
; CU:control|state.exe_subi                 ; Lost fanout                                    ;
; CU:control|state.exe_iand                 ; Lost fanout                                    ;
; CU:control|state.exe_ior                  ; Lost fanout                                    ;
; CU:control|state.exe_inot                 ; Lost fanout                                    ;
; CU:control|state.exe_ixor                 ; Lost fanout                                    ;
; CU:control|state.exe_goto                 ; Lost fanout                                    ;
; CU:control|state.exe_cjmp                 ; Lost fanout                                    ;
; CU:control|state.exe_jmpl                 ; Lost fanout                                    ;
; CU:control|state.exe_jmph                 ; Lost fanout                                    ;
; CU:control|state.exe_ld                   ; Lost fanout                                    ;
; CU:control|state.exe_st                   ; Lost fanout                                    ;
; CU:control|state.exe_mov                  ; Lost fanout                                    ;
; CU:control|state.exe_pinin                ; Lost fanout                                    ;
; CU:control|state.exe_pinout               ; Lost fanout                                    ;
; CU:control|state.exe_movi                 ; Lost fanout                                    ;
; CU:control|state.exe_cmp                  ; Lost fanout                                    ;
; CU:control|state.reset                    ; Lost fanout                                    ;
; CU:control|state.fetch                    ; Lost fanout                                    ;
; CU:control|state.decode                   ; Lost fanout                                    ;
; Total Number of Removed Registers = 78    ;                                                ;
+-------------------------------------------+------------------------------------------------+


+-------------------------------------------------------------------------------------------------------------------------------------------------+
; Removed Registers Triggering Further Register Optimizations                                                                                     ;
+-------------------------------------+-------------------------+---------------------------------------------------------------------------------+
; Register name                       ; Reason for Removal      ; Registers Removed due to This Register                                          ;
+-------------------------------------+-------------------------+---------------------------------------------------------------------------------+
; GG210:datapath|REG16:IR|data_out[1] ; Stuck at GND            ; GG210:datapath|PC:pcounter|addr_out[8], GG210:datapath|PC:pcounter|addr_out[9], ;
;                                     ; due to stuck port clear ; GG210:datapath|REG8:RIN|data_out[0], GG210:datapath|REG8:RIN|data_out[1],       ;
;                                     ;                         ; GG210:datapath|REG8:RIN|data_out[2], GG210:datapath|REG8:RIN|data_out[3],       ;
;                                     ;                         ; GG210:datapath|REG8:RIN|data_out[4], GG210:datapath|REG8:RIN|data_out[5],       ;
;                                     ;                         ; GG210:datapath|REG8:RIN|data_out[6], GG210:datapath|REG8:RIN|data_out[7],       ;
;                                     ;                         ; GG210:datapath|REG8:R2|data_out[6], GG210:datapath|REG8:R2|data_out[7],         ;
;                                     ;                         ; GG210:datapath|REG8:R3|data_out[7]                                              ;
; GG210:datapath|REG16:IR|data_out[9] ; Stuck at GND            ; GG210:datapath|REG8:R2|data_out[0], GG210:datapath|REG8:R2|data_out[1],         ;
;                                     ; due to stuck port clear ; GG210:datapath|REG8:R2|data_out[2], GG210:datapath|REG8:R2|data_out[3],         ;
;                                     ;                         ; GG210:datapath|REG8:ROUT|data_out[0], GG210:datapath|REG8:ROUT|data_out[1],     ;
;                                     ;                         ; GG210:datapath|REG8:ROUT|data_out[2], GG210:datapath|REG8:ROUT|data_out[3],     ;
;                                     ;                         ; GG210:datapath|REG8:ROUT|data_out[7]                                            ;
; CU:control|state.exe_ld             ; Lost Fanouts            ; CU:control|state.decode                                                         ;
+-------------------------------------+-------------------------+---------------------------------------------------------------------------------+


+------------------------------------------------------+
; General Register Statistics                          ;
+----------------------------------------------+-------+
; Statistic                                    ; Value ;
+----------------------------------------------+-------+
; Total registers                              ; 7     ;
; Number of registers using Synchronous Clear  ; 0     ;
; Number of registers using Synchronous Load   ; 0     ;
; Number of registers using Asynchronous Clear ; 0     ;
; Number of registers using Asynchronous Load  ; 0     ;
; Number of registers using Clock Enable       ; 0     ;
; Number of registers using Preset             ; 0     ;
+----------------------------------------------+-------+


+-------------------------------------------------------------------------------------------------------------------+
; Source assignments for GG210:datapath|PRGDATA:pmem|altsyncram:altsyncram_component|altsyncram_g181:auto_generated ;
+---------------------------------+--------------------+------+-----------------------------------------------------+
; Assignment                      ; Value              ; From ; To                                                  ;
+---------------------------------+--------------------+------+-----------------------------------------------------+
; OPTIMIZE_POWER_DURING_SYNTHESIS ; NORMAL_COMPILATION ; -    ; -                                                   ;
+---------------------------------+--------------------+------+-----------------------------------------------------+


+------------------------------------------------------------------------------------------------------------------+
; Source assignments for GG210:datapath|MEMDATA:mem|altsyncram:altsyncram_component|altsyncram_gra1:auto_generated ;
+---------------------------------+--------------------+------+----------------------------------------------------+
; Assignment                      ; Value              ; From ; To                                                 ;
+---------------------------------+--------------------+------+----------------------------------------------------+
; OPTIMIZE_POWER_DURING_SYNTHESIS ; NORMAL_COMPILATION ; -    ; -                                                  ;
+---------------------------------+--------------------+------+----------------------------------------------------+


+----------------------------------------------------------------------------------------------------------+
; Parameter Settings for User Entity Instance: GG210:datapath|PRGDATA:pmem|altsyncram:altsyncram_component ;
+------------------------------------+----------------------+----------------------------------------------+
; Parameter Name                     ; Value                ; Type                                         ;
+------------------------------------+----------------------+----------------------------------------------+
; BYTE_SIZE_BLOCK                    ; 8                    ; Untyped                                      ;
; AUTO_CARRY_CHAINS                  ; ON                   ; AUTO_CARRY                                   ;
; IGNORE_CARRY_BUFFERS               ; OFF                  ; IGNORE_CARRY                                 ;
; AUTO_CASCADE_CHAINS                ; ON                   ; AUTO_CASCADE                                 ;
; IGNORE_CASCADE_BUFFERS             ; OFF                  ; IGNORE_CASCADE                               ;
; WIDTH_BYTEENA                      ; 1                    ; Untyped                                      ;
; OPERATION_MODE                     ; ROM                  ; Untyped                                      ;
; WIDTH_A                            ; 16                   ; Signed Integer                               ;
; WIDTHAD_A                          ; 10                   ; Signed Integer                               ;
; NUMWORDS_A                         ; 1024                 ; Signed Integer                               ;
; OUTDATA_REG_A                      ; UNREGISTERED         ; Untyped                                      ;
; ADDRESS_ACLR_A                     ; NONE                 ; Untyped                                      ;
; OUTDATA_ACLR_A                     ; NONE                 ; Untyped                                      ;
; WRCONTROL_ACLR_A                   ; NONE                 ; Untyped                                      ;
; INDATA_ACLR_A                      ; NONE                 ; Untyped                                      ;
; BYTEENA_ACLR_A                     ; NONE                 ; Untyped                                      ;
; WIDTH_B                            ; 1                    ; Untyped                                      ;
; WIDTHAD_B                          ; 1                    ; Untyped                                      ;
; NUMWORDS_B                         ; 1                    ; Untyped                                      ;
; INDATA_REG_B                       ; CLOCK1               ; Untyped                                      ;
; WRCONTROL_WRADDRESS_REG_B          ; CLOCK1               ; Untyped                                      ;
; RDCONTROL_REG_B                    ; CLOCK1               ; Untyped                                      ;
; ADDRESS_REG_B                      ; CLOCK1               ; Untyped                                      ;
; OUTDATA_REG_B                      ; UNREGISTERED         ; Untyped                                      ;
; BYTEENA_REG_B                      ; CLOCK1               ; Untyped                                      ;
; INDATA_ACLR_B                      ; NONE                 ; Untyped                                      ;
; WRCONTROL_ACLR_B                   ; NONE                 ; Untyped                                      ;
; ADDRESS_ACLR_B                     ; NONE                 ; Untyped                                      ;
; OUTDATA_ACLR_B                     ; NONE                 ; Untyped                                      ;
; RDCONTROL_ACLR_B                   ; NONE                 ; Untyped                                      ;
; BYTEENA_ACLR_B                     ; NONE                 ; Untyped                                      ;
; WIDTH_BYTEENA_A                    ; 1                    ; Signed Integer                               ;
; WIDTH_BYTEENA_B                    ; 1                    ; Untyped                                      ;
; RAM_BLOCK_TYPE                     ; AUTO                 ; Untyped                                      ;
; BYTE_SIZE                          ; 8                    ; Untyped                                      ;
; READ_DURING_WRITE_MODE_MIXED_PORTS ; DONT_CARE            ; Untyped                                      ;
; READ_DURING_WRITE_MODE_PORT_A      ; NEW_DATA_NO_NBE_READ ; Untyped                                      ;
; READ_DURING_WRITE_MODE_PORT_B      ; NEW_DATA_NO_NBE_READ ; Untyped                                      ;
; INIT_FILE                          ; PRGDATA.mif          ; Untyped                                      ;
; INIT_FILE_LAYOUT                   ; PORT_A               ; Untyped                                      ;
; MAXIMUM_DEPTH                      ; 0                    ; Untyped                                      ;
; CLOCK_ENABLE_INPUT_A               ; BYPASS               ; Untyped                                      ;
; CLOCK_ENABLE_INPUT_B               ; NORMAL               ; Untyped                                      ;
; CLOCK_ENABLE_OUTPUT_A              ; BYPASS               ; Untyped                                      ;
; CLOCK_ENABLE_OUTPUT_B              ; NORMAL               ; Untyped                                      ;
; CLOCK_ENABLE_CORE_A                ; USE_INPUT_CLKEN      ; Untyped                                      ;
; CLOCK_ENABLE_CORE_B                ; USE_INPUT_CLKEN      ; Untyped                                      ;
; ENABLE_ECC                         ; FALSE                ; Untyped                                      ;
; ECC_PIPELINE_STAGE_ENABLED         ; FALSE                ; Untyped                                      ;
; WIDTH_ECCSTATUS                    ; 3                    ; Untyped                                      ;
; DEVICE_FAMILY                      ; Cyclone II           ; Untyped                                      ;
; CBXI_PARAMETER                     ; altsyncram_g181      ; Untyped                                      ;
+------------------------------------+----------------------+----------------------------------------------+
Note: In order to hide this table in the UI and the text report file, please set the "Show Parameter Settings in Synthesis Report" option in "Analysis and Synthesis Settings -> More Settings" to "Off".


+---------------------------------------------------------------------------------------------------------+
; Parameter Settings for User Entity Instance: GG210:datapath|MEMDATA:mem|altsyncram:altsyncram_component ;
+------------------------------------+----------------------+---------------------------------------------+
; Parameter Name                     ; Value                ; Type                                        ;
+------------------------------------+----------------------+---------------------------------------------+
; BYTE_SIZE_BLOCK                    ; 8                    ; Untyped                                     ;
; AUTO_CARRY_CHAINS                  ; ON                   ; AUTO_CARRY                                  ;
; IGNORE_CARRY_BUFFERS               ; OFF                  ; IGNORE_CARRY                                ;
; AUTO_CASCADE_CHAINS                ; ON                   ; AUTO_CASCADE                                ;
; IGNORE_CASCADE_BUFFERS             ; OFF                  ; IGNORE_CASCADE                              ;
; WIDTH_BYTEENA                      ; 1                    ; Untyped                                     ;
; OPERATION_MODE                     ; SINGLE_PORT          ; Untyped                                     ;
; WIDTH_A                            ; 8                    ; Signed Integer                              ;
; WIDTHAD_A                          ; 8                    ; Signed Integer                              ;
; NUMWORDS_A                         ; 256                  ; Signed Integer                              ;
; OUTDATA_REG_A                      ; UNREGISTERED         ; Untyped                                     ;
; ADDRESS_ACLR_A                     ; NONE                 ; Untyped                                     ;
; OUTDATA_ACLR_A                     ; NONE                 ; Untyped                                     ;
; WRCONTROL_ACLR_A                   ; NONE                 ; Untyped                                     ;
; INDATA_ACLR_A                      ; NONE                 ; Untyped                                     ;
; BYTEENA_ACLR_A                     ; NONE                 ; Untyped                                     ;
; WIDTH_B                            ; 1                    ; Untyped                                     ;
; WIDTHAD_B                          ; 1                    ; Untyped                                     ;
; NUMWORDS_B                         ; 1                    ; Untyped                                     ;
; INDATA_REG_B                       ; CLOCK1               ; Untyped                                     ;
; WRCONTROL_WRADDRESS_REG_B          ; CLOCK1               ; Untyped                                     ;
; RDCONTROL_REG_B                    ; CLOCK1               ; Untyped                                     ;
; ADDRESS_REG_B                      ; CLOCK1               ; Untyped                                     ;
; OUTDATA_REG_B                      ; UNREGISTERED         ; Untyped                                     ;
; BYTEENA_REG_B                      ; CLOCK1               ; Untyped                                     ;
; INDATA_ACLR_B                      ; NONE                 ; Untyped                                     ;
; WRCONTROL_ACLR_B                   ; NONE                 ; Untyped                                     ;
; ADDRESS_ACLR_B                     ; NONE                 ; Untyped                                     ;
; OUTDATA_ACLR_B                     ; NONE                 ; Untyped                                     ;
; RDCONTROL_ACLR_B                   ; NONE                 ; Untyped                                     ;
; BYTEENA_ACLR_B                     ; NONE                 ; Untyped                                     ;
; WIDTH_BYTEENA_A                    ; 1                    ; Signed Integer                              ;
; WIDTH_BYTEENA_B                    ; 1                    ; Untyped                                     ;
; RAM_BLOCK_TYPE                     ; AUTO                 ; Untyped                                     ;
; BYTE_SIZE                          ; 8                    ; Untyped                                     ;
; READ_DURING_WRITE_MODE_MIXED_PORTS ; DONT_CARE            ; Untyped                                     ;
; READ_DURING_WRITE_MODE_PORT_A      ; NEW_DATA_NO_NBE_READ ; Untyped                                     ;
; READ_DURING_WRITE_MODE_PORT_B      ; NEW_DATA_NO_NBE_READ ; Untyped                                     ;
; INIT_FILE                          ; UNUSED               ; Untyped                                     ;
; INIT_FILE_LAYOUT                   ; PORT_A               ; Untyped                                     ;
; MAXIMUM_DEPTH                      ; 0                    ; Untyped                                     ;
; CLOCK_ENABLE_INPUT_A               ; BYPASS               ; Untyped                                     ;
; CLOCK_ENABLE_INPUT_B               ; NORMAL               ; Untyped                                     ;
; CLOCK_ENABLE_OUTPUT_A              ; BYPASS               ; Untyped                                     ;
; CLOCK_ENABLE_OUTPUT_B              ; NORMAL               ; Untyped                                     ;
; CLOCK_ENABLE_CORE_A                ; USE_INPUT_CLKEN      ; Untyped                                     ;
; CLOCK_ENABLE_CORE_B                ; USE_INPUT_CLKEN      ; Untyped                                     ;
; ENABLE_ECC                         ; FALSE                ; Untyped                                     ;
; ECC_PIPELINE_STAGE_ENABLED         ; FALSE                ; Untyped                                     ;
; WIDTH_ECCSTATUS                    ; 3                    ; Untyped                                     ;
; DEVICE_FAMILY                      ; Cyclone II           ; Untyped                                     ;
; CBXI_PARAMETER                     ; altsyncram_gra1      ; Untyped                                     ;
+------------------------------------+----------------------+---------------------------------------------+
Note: In order to hide this table in the UI and the text report file, please set the "Show Parameter Settings in Synthesis Report" option in "Analysis and Synthesis Settings -> More Settings" to "Off".


+---------------------------------------------------------------------------------------------------------+
; altsyncram Parameter Settings by Entity Instance                                                        ;
+-------------------------------------------+-------------------------------------------------------------+
; Name                                      ; Value                                                       ;
+-------------------------------------------+-------------------------------------------------------------+
; Number of entity instances                ; 2                                                           ;
; Entity Instance                           ; GG210:datapath|PRGDATA:pmem|altsyncram:altsyncram_component ;
;     -- OPERATION_MODE                     ; ROM                                                         ;
;     -- WIDTH_A                            ; 16                                                          ;
;     -- NUMWORDS_A                         ; 1024                                                        ;
;     -- OUTDATA_REG_A                      ; UNREGISTERED                                                ;
;     -- WIDTH_B                            ; 1                                                           ;
;     -- NUMWORDS_B                         ; 1                                                           ;
;     -- ADDRESS_REG_B                      ; CLOCK1                                                      ;
;     -- OUTDATA_REG_B                      ; UNREGISTERED                                                ;
;     -- RAM_BLOCK_TYPE                     ; AUTO                                                        ;
;     -- READ_DURING_WRITE_MODE_MIXED_PORTS ; DONT_CARE                                                   ;
; Entity Instance                           ; GG210:datapath|MEMDATA:mem|altsyncram:altsyncram_component  ;
;     -- OPERATION_MODE                     ; SINGLE_PORT                                                 ;
;     -- WIDTH_A                            ; 8                                                           ;
;     -- NUMWORDS_A                         ; 256                                                         ;
;     -- OUTDATA_REG_A                      ; UNREGISTERED                                                ;
;     -- WIDTH_B                            ; 1                                                           ;
;     -- NUMWORDS_B                         ; 1                                                           ;
;     -- ADDRESS_REG_B                      ; CLOCK1                                                      ;
;     -- OUTDATA_REG_B                      ; UNREGISTERED                                                ;
;     -- RAM_BLOCK_TYPE                     ; AUTO                                                        ;
;     -- READ_DURING_WRITE_MODE_MIXED_PORTS ; DONT_CARE                                                   ;
+-------------------------------------------+-------------------------------------------------------------+


+-------------------------------+
; Elapsed Time Per Partition    ;
+----------------+--------------+
; Partition Name ; Elapsed Time ;
+----------------+--------------+
; Top            ; 00:00:00     ;
+----------------+--------------+


+-------------------------------+
; Analysis & Synthesis Messages ;
+-------------------------------+
Info: *******************************************************************
Info: Running Quartus II 64-Bit Analysis & Synthesis
    Info: Version 13.0.0 Build 156 04/24/2013 SJ Web Edition
    Info: Processing started: Mon Nov 18 15:01:18 2019
Info: Command: quartus_map --read_settings_files=on --write_settings_files=off CTL2000 -c CTL2000
Warning (20028): Parallel compilation is not licensed and has been disabled
Info (12021): Found 2 design units, including 1 entities, in source file datapath/reg16/reg16.vhd
    Info (12022): Found design unit 1: REG16-behavioral
    Info (12023): Found entity 1: REG16
Info (12021): Found 2 design units, including 1 entities, in source file datapath/reg8/reg8.vhd
    Info (12022): Found design unit 1: REG8-behavioral
    Info (12023): Found entity 1: REG8
Info (12021): Found 2 design units, including 1 entities, in source file datapath/reg0/reg0.vhd
    Info (12022): Found design unit 1: REG0-behavioral
    Info (12023): Found entity 1: REG0
Info (12021): Found 2 design units, including 1 entities, in source file datapath/prgdata/prgdata.vhd
    Info (12022): Found design unit 1: prgdata-SYN
    Info (12023): Found entity 1: PRGDATA
Info (12021): Found 2 design units, including 1 entities, in source file datapath/pc/pc.vhd
    Info (12022): Found design unit 1: PC-behavioral
    Info (12023): Found entity 1: PC
Info (12021): Found 2 design units, including 1 entities, in source file datapath/mux5e/mux5e.vhd
    Info (12022): Found design unit 1: MUX5E-dataflow
    Info (12023): Found entity 1: MUX5E
Info (12021): Found 2 design units, including 1 entities, in source file datapath/mux2e/mux2e.vhd
    Info (12022): Found design unit 1: MUX2E-dataflow
    Info (12023): Found entity 1: MUX2E
Info (12021): Found 2 design units, including 1 entities, in source file datapath/memdata/memdata.vhd
    Info (12022): Found design unit 1: memdata-SYN
    Info (12023): Found entity 1: MEMDATA
Info (12021): Found 2 design units, including 1 entities, in source file datapath/comp/comp.vhd
    Info (12022): Found design unit 1: COMP-behavior
    Info (12023): Found entity 1: COMP
Info (12021): Found 2 design units, including 1 entities, in source file datapath/alu/alu.vhd
    Info (12022): Found design unit 1: ALU-behavioral
    Info (12023): Found entity 1: ALU
Info (12021): Found 2 design units, including 1 entities, in source file datapath/add1/add1.vhd
    Info (12022): Found design unit 1: ADD1-dataflow
    Info (12023): Found entity 1: ADD1
Info (12021): Found 2 design units, including 1 entities, in source file cu/cu.vhd
    Info (12022): Found design unit 1: CU-behavioral
    Info (12023): Found entity 1: CU
Info (12021): Found 2 design units, including 1 entities, in source file datapath/gg210.vhd
    Info (12022): Found design unit 1: GG210-behavioral
    Info (12023): Found entity 1: GG210
Info (12021): Found 2 design units, including 1 entities, in source file ctl2000.vhd
    Info (12022): Found design unit 1: CTL2000-behavioral
    Info (12023): Found entity 1: CTL2000
Info (12127): Elaborating entity "CTL2000" for the top level hierarchy
Info (12128): Elaborating entity "CU" for hierarchy "CU:control"
Warning (10541): VHDL Signal Declaration warning at CU.vhd(17): used implicit default value for signal "Rin_ld" because signal was never assigned a value or an explicit default value. Use of implicit default value may introduce unintended design optimizations.
Warning (10541): VHDL Signal Declaration warning at CU.vhd(18): used implicit default value for signal "Rout_ld" because signal was never assigned a value or an explicit default value. Use of implicit default value may introduce unintended design optimizations.
Warning (10541): VHDL Signal Declaration warning at CU.vhd(19): used implicit default value for signal "R1_clr" because signal was never assigned a value or an explicit default value. Use of implicit default value may introduce unintended design optimizations.
Warning (10541): VHDL Signal Declaration warning at CU.vhd(20): used implicit default value for signal "R2_clr" because signal was never assigned a value or an explicit default value. Use of implicit default value may introduce unintended design optimizations.
Warning (10541): VHDL Signal Declaration warning at CU.vhd(21): used implicit default value for signal "R3_clr" because signal was never assigned a value or an explicit default value. Use of implicit default value may introduce unintended design optimizations.
Warning (10492): VHDL Process Statement warning at CU.vhd(116): signal "IR_out" is read inside the Process Statement but isn't in the Process Statement's sensitivity list
Warning (10492): VHDL Process Statement warning at CU.vhd(119): signal "IR_out" is read inside the Process Statement but isn't in the Process Statement's sensitivity list
Warning (10492): VHDL Process Statement warning at CU.vhd(120): signal "IR_out" is read inside the Process Statement but isn't in the Process Statement's sensitivity list
Warning (10492): VHDL Process Statement warning at CU.vhd(122): signal "IR_out" is read inside the Process Statement but isn't in the Process Statement's sensitivity list
Warning (10492): VHDL Process Statement warning at CU.vhd(124): signal "IR_out" is read inside the Process Statement but isn't in the Process Statement's sensitivity list
Warning (10492): VHDL Process Statement warning at CU.vhd(128): signal "IR_out" is read inside the Process Statement but isn't in the Process Statement's sensitivity list
Warning (10492): VHDL Process Statement warning at CU.vhd(129): signal "IR_out" is read inside the Process Statement but isn't in the Process Statement's sensitivity list
Warning (10492): VHDL Process Statement warning at CU.vhd(131): signal "IR_out" is read inside the Process Statement but isn't in the Process Statement's sensitivity list
Warning (10492): VHDL Process Statement warning at CU.vhd(133): signal "IR_out" is read inside the Process Statement but isn't in the Process Statement's sensitivity list
Warning (10492): VHDL Process Statement warning at CU.vhd(136): signal "IR_out" is read inside the Process Statement but isn't in the Process Statement's sensitivity list
Warning (10492): VHDL Process Statement warning at CU.vhd(139): signal "IR_out" is read inside the Process Statement but isn't in the Process Statement's sensitivity list
Warning (10492): VHDL Process Statement warning at CU.vhd(140): signal "IR_out" is read inside the Process Statement but isn't in the Process Statement's sensitivity list
Warning (10492): VHDL Process Statement warning at CU.vhd(143): signal "IR_out" is read inside the Process Statement but isn't in the Process Statement's sensitivity list
Warning (10492): VHDL Process Statement warning at CU.vhd(144): signal "IR_out" is read inside the Process Statement but isn't in the Process Statement's sensitivity list
Warning (10492): VHDL Process Statement warning at CU.vhd(146): signal "IR_out" is read inside the Process Statement but isn't in the Process Statement's sensitivity list
Warning (10492): VHDL Process Statement warning at CU.vhd(148): signal "IR_out" is read inside the Process Statement but isn't in the Process Statement's sensitivity list
Warning (10492): VHDL Process Statement warning at CU.vhd(153): signal "IR_out" is read inside the Process Statement but isn't in the Process Statement's sensitivity list
Warning (10492): VHDL Process Statement warning at CU.vhd(154): signal "IR_out" is read inside the Process Statement but isn't in the Process Statement's sensitivity list
Warning (10492): VHDL Process Statement warning at CU.vhd(161): signal "IR_out" is read inside the Process Statement but isn't in the Process Statement's sensitivity list
Warning (10492): VHDL Process Statement warning at CU.vhd(168): signal "IR_out" is read inside the Process Statement but isn't in the Process Statement's sensitivity list
Warning (10492): VHDL Process Statement warning at CU.vhd(177): signal "IR_out" is read inside the Process Statement but isn't in the Process Statement's sensitivity list
Warning (10492): VHDL Process Statement warning at CU.vhd(178): signal "IR_out" is read inside the Process Statement but isn't in the Process Statement's sensitivity list
Warning (10492): VHDL Process Statement warning at CU.vhd(185): signal "IR_out" is read inside the Process Statement but isn't in the Process Statement's sensitivity list
Warning (10492): VHDL Process Statement warning at CU.vhd(192): signal "IR_out" is read inside the Process Statement but isn't in the Process Statement's sensitivity list
Warning (10492): VHDL Process Statement warning at CU.vhd(201): signal "IR_out" is read inside the Process Statement but isn't in the Process Statement's sensitivity list
Warning (10492): VHDL Process Statement warning at CU.vhd(202): signal "IR_out" is read inside the Process Statement but isn't in the Process Statement's sensitivity list
Warning (10492): VHDL Process Statement warning at CU.vhd(209): signal "IR_out" is read inside the Process Statement but isn't in the Process Statement's sensitivity list
Warning (10492): VHDL Process Statement warning at CU.vhd(216): signal "IR_out" is read inside the Process Statement but isn't in the Process Statement's sensitivity list
Warning (10492): VHDL Process Statement warning at CU.vhd(225): signal "IR_out" is read inside the Process Statement but isn't in the Process Statement's sensitivity list
Warning (10492): VHDL Process Statement warning at CU.vhd(226): signal "IR_out" is read inside the Process Statement but isn't in the Process Statement's sensitivity list
Warning (10492): VHDL Process Statement warning at CU.vhd(233): signal "IR_out" is read inside the Process Statement but isn't in the Process Statement's sensitivity list
Warning (10492): VHDL Process Statement warning at CU.vhd(240): signal "IR_out" is read inside the Process Statement but isn't in the Process Statement's sensitivity list
Warning (10492): VHDL Process Statement warning at CU.vhd(249): signal "IR_out" is read inside the Process Statement but isn't in the Process Statement's sensitivity list
Warning (10492): VHDL Process Statement warning at CU.vhd(250): signal "IR_out" is read inside the Process Statement but isn't in the Process Statement's sensitivity list
Warning (10492): VHDL Process Statement warning at CU.vhd(257): signal "IR_out" is read inside the Process Statement but isn't in the Process Statement's sensitivity list
Warning (10492): VHDL Process Statement warning at CU.vhd(264): signal "IR_out" is read inside the Process Statement but isn't in the Process Statement's sensitivity list
Warning (10492): VHDL Process Statement warning at CU.vhd(273): signal "IR_out" is read inside the Process Statement but isn't in the Process Statement's sensitivity list
Warning (10492): VHDL Process Statement warning at CU.vhd(274): signal "IR_out" is read inside the Process Statement but isn't in the Process Statement's sensitivity list
Warning (10492): VHDL Process Statement warning at CU.vhd(281): signal "IR_out" is read inside the Process Statement but isn't in the Process Statement's sensitivity list
Warning (10492): VHDL Process Statement warning at CU.vhd(288): signal "IR_out" is read inside the Process Statement but isn't in the Process Statement's sensitivity list
Warning (10492): VHDL Process Statement warning at CU.vhd(297): signal "IR_out" is read inside the Process Statement but isn't in the Process Statement's sensitivity list
Warning (10492): VHDL Process Statement warning at CU.vhd(301): signal "comp_out" is read inside the Process Statement but isn't in the Process Statement's sensitivity list
Warning (10492): VHDL Process Statement warning at CU.vhd(302): signal "IR_out" is read inside the Process Statement but isn't in the Process Statement's sensitivity list
Warning (10492): VHDL Process Statement warning at CU.vhd(307): signal "comp_out" is read inside the Process Statement but isn't in the Process Statement's sensitivity list
Warning (10492): VHDL Process Statement warning at CU.vhd(308): signal "IR_out" is read inside the Process Statement but isn't in the Process Statement's sensitivity list
Warning (10492): VHDL Process Statement warning at CU.vhd(313): signal "comp_out" is read inside the Process Statement but isn't in the Process Statement's sensitivity list
Warning (10492): VHDL Process Statement warning at CU.vhd(314): signal "IR_out" is read inside the Process Statement but isn't in the Process Statement's sensitivity list
Warning (10631): VHDL Process Statement warning at CU.vhd(105): inferring latch(es) for signal or variable "pc_clr", which holds its previous value in one or more paths through the process
Warning (10631): VHDL Process Statement warning at CU.vhd(105): inferring latch(es) for signal or variable "IR_clr", which holds its previous value in one or more paths through the process
Warning (10631): VHDL Process Statement warning at CU.vhd(105): inferring latch(es) for signal or variable "sel_mux_pc", which holds its previous value in one or more paths through the process
Warning (10631): VHDL Process Statement warning at CU.vhd(105): inferring latch(es) for signal or variable "pc_ld", which holds its previous value in one or more paths through the process
Warning (10631): VHDL Process Statement warning at CU.vhd(105): inferring latch(es) for signal or variable "IR_ld", which holds its previous value in one or more paths through the process
Warning (10631): VHDL Process Statement warning at CU.vhd(105): inferring latch(es) for signal or variable "mem_adr", which holds its previous value in one or more paths through the process
Warning (10631): VHDL Process Statement warning at CU.vhd(105): inferring latch(es) for signal or variable "wren", which holds its previous value in one or more paths through the process
Warning (10631): VHDL Process Statement warning at CU.vhd(105): inferring latch(es) for signal or variable "sel_mux5", which holds its previous value in one or more paths through the process
Warning (10631): VHDL Process Statement warning at CU.vhd(105): inferring latch(es) for signal or variable "R1_ld", which holds its previous value in one or more paths through the process
Warning (10631): VHDL Process Statement warning at CU.vhd(105): inferring latch(es) for signal or variable "R2_ld", which holds its previous value in one or more paths through the process
Warning (10631): VHDL Process Statement warning at CU.vhd(105): inferring latch(es) for signal or variable "R3_ld", which holds its previous value in one or more paths through the process
Warning (10631): VHDL Process Statement warning at CU.vhd(105): inferring latch(es) for signal or variable "sel_5e2", which holds its previous value in one or more paths through the process
Warning (10631): VHDL Process Statement warning at CU.vhd(105): inferring latch(es) for signal or variable "sel_5e1", which holds its previous value in one or more paths through the process
Warning (10631): VHDL Process Statement warning at CU.vhd(105): inferring latch(es) for signal or variable "alu_sel", which holds its previous value in one or more paths through the process
Warning (10631): VHDL Process Statement warning at CU.vhd(105): inferring latch(es) for signal or variable "mux2_in1", which holds its previous value in one or more paths through the process
Info (10041): Inferred latch for "mux2_in1[0]" at CU.vhd(105)
Info (10041): Inferred latch for "mux2_in1[1]" at CU.vhd(105)
Info (10041): Inferred latch for "mux2_in1[2]" at CU.vhd(105)
Info (10041): Inferred latch for "mux2_in1[3]" at CU.vhd(105)
Info (10041): Inferred latch for "mux2_in1[4]" at CU.vhd(105)
Info (10041): Inferred latch for "mux2_in1[5]" at CU.vhd(105)
Info (10041): Inferred latch for "mux2_in1[6]" at CU.vhd(105)
Info (10041): Inferred latch for "mux2_in1[7]" at CU.vhd(105)
Info (10041): Inferred latch for "mux2_in1[8]" at CU.vhd(105)
Info (10041): Inferred latch for "mux2_in1[9]" at CU.vhd(105)
Info (10041): Inferred latch for "alu_sel[0]" at CU.vhd(105)
Info (10041): Inferred latch for "alu_sel[1]" at CU.vhd(105)
Info (10041): Inferred latch for "alu_sel[2]" at CU.vhd(105)
Info (10041): Inferred latch for "alu_sel[3]" at CU.vhd(105)
Info (10041): Inferred latch for "sel_5e1[0]" at CU.vhd(105)
Info (10041): Inferred latch for "sel_5e1[1]" at CU.vhd(105)
Info (10041): Inferred latch for "sel_5e1[2]" at CU.vhd(105)
Info (10041): Inferred latch for "sel_5e2[0]" at CU.vhd(105)
Info (10041): Inferred latch for "sel_5e2[1]" at CU.vhd(105)
Info (10041): Inferred latch for "sel_5e2[2]" at CU.vhd(105)
Info (10041): Inferred latch for "R3_ld" at CU.vhd(105)
Info (10041): Inferred latch for "R2_ld" at CU.vhd(105)
Info (10041): Inferred latch for "R1_ld" at CU.vhd(105)
Info (10041): Inferred latch for "sel_mux5[0]" at CU.vhd(105)
Info (10041): Inferred latch for "sel_mux5[1]" at CU.vhd(105)
Info (10041): Inferred latch for "sel_mux5[2]" at CU.vhd(105)
Info (10041): Inferred latch for "wren" at CU.vhd(105)
Info (10041): Inferred latch for "mem_adr[0]" at CU.vhd(105)
Info (10041): Inferred latch for "mem_adr[1]" at CU.vhd(105)
Info (10041): Inferred latch for "mem_adr[2]" at CU.vhd(105)
Info (10041): Inferred latch for "mem_adr[3]" at CU.vhd(105)
Info (10041): Inferred latch for "mem_adr[4]" at CU.vhd(105)
Info (10041): Inferred latch for "mem_adr[5]" at CU.vhd(105)
Info (10041): Inferred latch for "mem_adr[6]" at CU.vhd(105)
Info (10041): Inferred latch for "mem_adr[7]" at CU.vhd(105)
Info (10041): Inferred latch for "IR_ld" at CU.vhd(105)
Info (10041): Inferred latch for "pc_ld" at CU.vhd(105)
Info (10041): Inferred latch for "sel_mux_pc" at CU.vhd(105)
Info (10041): Inferred latch for "IR_clr" at CU.vhd(105)
Info (10041): Inferred latch for "pc_clr" at CU.vhd(105)
Info (12128): Elaborating entity "GG210" for hierarchy "GG210:datapath"
Warning (10492): VHDL Process Statement warning at GG210.vhd(189): signal "alu_out" is read inside the Process Statement but isn't in the Process Statement's sensitivity list
Info (12128): Elaborating entity "PC" for hierarchy "GG210:datapath|PC:pcounter"
Warning (10492): VHDL Process Statement warning at PC.vhd(22): signal "pc_ld" is read inside the Process Statement but isn't in the Process Statement's sensitivity list
Info (12128): Elaborating entity "PRGDATA" for hierarchy "GG210:datapath|PRGDATA:pmem"
Info (12128): Elaborating entity "altsyncram" for hierarchy "GG210:datapath|PRGDATA:pmem|altsyncram:altsyncram_component"
Info (12130): Elaborated megafunction instantiation "GG210:datapath|PRGDATA:pmem|altsyncram:altsyncram_component"
Info (12133): Instantiated megafunction "GG210:datapath|PRGDATA:pmem|altsyncram:altsyncram_component" with the following parameter:
    Info (12134): Parameter "clock_enable_input_a" = "BYPASS"
    Info (12134): Parameter "clock_enable_output_a" = "BYPASS"
    Info (12134): Parameter "init_file" = "PRGDATA.mif"
    Info (12134): Parameter "intended_device_family" = "Cyclone II"
    Info (12134): Parameter "lpm_hint" = "ENABLE_RUNTIME_MOD=NO"
    Info (12134): Parameter "lpm_type" = "altsyncram"
    Info (12134): Parameter "numwords_a" = "1024"
    Info (12134): Parameter "operation_mode" = "ROM"
    Info (12134): Parameter "outdata_aclr_a" = "NONE"
    Info (12134): Parameter "outdata_reg_a" = "UNREGISTERED"
    Info (12134): Parameter "widthad_a" = "10"
    Info (12134): Parameter "width_a" = "16"
    Info (12134): Parameter "width_byteena_a" = "1"
Info (12021): Found 1 design units, including 1 entities, in source file db/altsyncram_g181.tdf
    Info (12023): Found entity 1: altsyncram_g181
Info (12128): Elaborating entity "altsyncram_g181" for hierarchy "GG210:datapath|PRGDATA:pmem|altsyncram:altsyncram_component|altsyncram_g181:auto_generated"
Info (12128): Elaborating entity "ADD1" for hierarchy "GG210:datapath|ADD1:ad1"
Info (12128): Elaborating entity "REG0" for hierarchy "GG210:datapath|REG0:R0"
Info (12128): Elaborating entity "REG8" for hierarchy "GG210:datapath|REG8:R1"
Warning (10492): VHDL Process Statement warning at REG8.vhd(22): signal "load" is read inside the Process Statement but isn't in the Process Statement's sensitivity list
Info (12128): Elaborating entity "MUX2E" for hierarchy "GG210:datapath|MUX2E:mux2"
Info (12128): Elaborating entity "REG16" for hierarchy "GG210:datapath|REG16:IR"
Warning (10492): VHDL Process Statement warning at REG16.vhd(22): signal "load" is read inside the Process Statement but isn't in the Process Statement's sensitivity list
Info (12128): Elaborating entity "MEMDATA" for hierarchy "GG210:datapath|MEMDATA:mem"
Info (12128): Elaborating entity "altsyncram" for hierarchy "GG210:datapath|MEMDATA:mem|altsyncram:altsyncram_component"
Info (12130): Elaborated megafunction instantiation "GG210:datapath|MEMDATA:mem|altsyncram:altsyncram_component"
Info (12133): Instantiated megafunction "GG210:datapath|MEMDATA:mem|altsyncram:altsyncram_component" with the following parameter:
    Info (12134): Parameter "clock_enable_input_a" = "BYPASS"
    Info (12134): Parameter "clock_enable_output_a" = "BYPASS"
    Info (12134): Parameter "intended_device_family" = "Cyclone II"
    Info (12134): Parameter "lpm_hint" = "ENABLE_RUNTIME_MOD=NO"
    Info (12134): Parameter "lpm_type" = "altsyncram"
    Info (12134): Parameter "numwords_a" = "256"
    Info (12134): Parameter "operation_mode" = "SINGLE_PORT"
    Info (12134): Parameter "outdata_aclr_a" = "NONE"
    Info (12134): Parameter "outdata_reg_a" = "UNREGISTERED"
    Info (12134): Parameter "power_up_uninitialized" = "FALSE"
    Info (12134): Parameter "widthad_a" = "8"
    Info (12134): Parameter "width_a" = "8"
    Info (12134): Parameter "width_byteena_a" = "1"
Info (12021): Found 1 design units, including 1 entities, in source file db/altsyncram_gra1.tdf
    Info (12023): Found entity 1: altsyncram_gra1
Info (12128): Elaborating entity "altsyncram_gra1" for hierarchy "GG210:datapath|MEMDATA:mem|altsyncram:altsyncram_component|altsyncram_gra1:auto_generated"
Info (12128): Elaborating entity "MUX5E" for hierarchy "GG210:datapath|MUX5E:mux5"
Info (12128): Elaborating entity "ALU" for hierarchy "GG210:datapath|ALU:ula"
Warning (10492): VHDL Process Statement warning at ALU.vhd(34): signal "result" is read inside the Process Statement but isn't in the Process Statement's sensitivity list
Warning (10631): VHDL Process Statement warning at ALU.vhd(20): inferring latch(es) for signal or variable "result", which holds its previous value in one or more paths through the process
Info (10041): Inferred latch for "result[0]" at ALU.vhd(20)
Info (10041): Inferred latch for "result[1]" at ALU.vhd(20)
Info (10041): Inferred latch for "result[2]" at ALU.vhd(20)
Info (10041): Inferred latch for "result[3]" at ALU.vhd(20)
Info (10041): Inferred latch for "result[4]" at ALU.vhd(20)
Info (10041): Inferred latch for "result[5]" at ALU.vhd(20)
Info (10041): Inferred latch for "result[6]" at ALU.vhd(20)
Info (10041): Inferred latch for "result[7]" at ALU.vhd(20)
Info (12128): Elaborating entity "COMP" for hierarchy "GG210:datapath|COMP:compa"
Warning (14025): LATCH primitive "CU:control|alu_sel[0]" is permanently disabled
Warning (14025): LATCH primitive "CU:control|alu_sel[1]" is permanently disabled
Warning (14025): LATCH primitive "CU:control|alu_sel[2]" is permanently disabled
Warning (14025): LATCH primitive "CU:control|sel_5e2[1]" is permanently disabled
Warning (14025): LATCH primitive "CU:control|sel_5e2[2]" is permanently disabled
Warning (14026): LATCH primitive "GG210:datapath|ALU:ula|result[0]" is permanently enabled
Warning (14026): LATCH primitive "GG210:datapath|ALU:ula|result[1]" is permanently enabled
Warning (14026): LATCH primitive "GG210:datapath|ALU:ula|result[2]" is permanently enabled
Warning (14026): LATCH primitive "GG210:datapath|ALU:ula|result[3]" is permanently enabled
Warning (14026): LATCH primitive "GG210:datapath|ALU:ula|result[4]" is permanently enabled
Warning (14026): LATCH primitive "GG210:datapath|ALU:ula|result[5]" is permanently enabled
Warning (14026): LATCH primitive "GG210:datapath|ALU:ula|result[6]" is permanently enabled
Warning (14026): LATCH primitive "GG210:datapath|ALU:ula|result[7]" is permanently enabled
Warning (14284): Synthesized away the following node(s):
    Warning (14285): Synthesized away the following RAM node(s):
        Warning (14320): Synthesized away node "GG210:datapath|PRGDATA:pmem|altsyncram:altsyncram_component|altsyncram_g181:auto_generated|q_a[0]"
        Warning (14320): Synthesized away node "GG210:datapath|PRGDATA:pmem|altsyncram:altsyncram_component|altsyncram_g181:auto_generated|q_a[1]"
        Warning (14320): Synthesized away node "GG210:datapath|PRGDATA:pmem|altsyncram:altsyncram_component|altsyncram_g181:auto_generated|q_a[2]"
        Warning (14320): Synthesized away node "GG210:datapath|PRGDATA:pmem|altsyncram:altsyncram_component|altsyncram_g181:auto_generated|q_a[3]"
        Warning (14320): Synthesized away node "GG210:datapath|PRGDATA:pmem|altsyncram:altsyncram_component|altsyncram_g181:auto_generated|q_a[4]"
        Warning (14320): Synthesized away node "GG210:datapath|PRGDATA:pmem|altsyncram:altsyncram_component|altsyncram_g181:auto_generated|q_a[5]"
        Warning (14320): Synthesized away node "GG210:datapath|PRGDATA:pmem|altsyncram:altsyncram_component|altsyncram_g181:auto_generated|q_a[6]"
        Warning (14320): Synthesized away node "GG210:datapath|PRGDATA:pmem|altsyncram:altsyncram_component|altsyncram_g181:auto_generated|q_a[7]"
        Warning (14320): Synthesized away node "GG210:datapath|PRGDATA:pmem|altsyncram:altsyncram_component|altsyncram_g181:auto_generated|q_a[8]"
        Warning (14320): Synthesized away node "GG210:datapath|PRGDATA:pmem|altsyncram:altsyncram_component|altsyncram_g181:auto_generated|q_a[9]"
        Warning (14320): Synthesized away node "GG210:datapath|PRGDATA:pmem|altsyncram:altsyncram_component|altsyncram_g181:auto_generated|q_a[10]"
        Warning (14320): Synthesized away node "GG210:datapath|PRGDATA:pmem|altsyncram:altsyncram_component|altsyncram_g181:auto_generated|q_a[11]"
        Warning (14320): Synthesized away node "GG210:datapath|PRGDATA:pmem|altsyncram:altsyncram_component|altsyncram_g181:auto_generated|q_a[12]"
        Warning (14320): Synthesized away node "GG210:datapath|PRGDATA:pmem|altsyncram:altsyncram_component|altsyncram_g181:auto_generated|q_a[13]"
        Warning (14320): Synthesized away node "GG210:datapath|PRGDATA:pmem|altsyncram:altsyncram_component|altsyncram_g181:auto_generated|q_a[14]"
        Warning (14320): Synthesized away node "GG210:datapath|PRGDATA:pmem|altsyncram:altsyncram_component|altsyncram_g181:auto_generated|q_a[15]"
Warning (14284): Synthesized away the following node(s):
    Warning (14285): Synthesized away the following RAM node(s):
        Warning (14320): Synthesized away node "GG210:datapath|MEMDATA:mem|altsyncram:altsyncram_component|altsyncram_gra1:auto_generated|q_a[7]"
Warning (13024): Output pins are stuck at VCC or GND
    Warning (13410): Pin "teste[0]" is stuck at GND
    Warning (13410): Pin "pinout[0]" is stuck at GND
    Warning (13410): Pin "pinout[1]" is stuck at GND
    Warning (13410): Pin "pinout[2]" is stuck at GND
    Warning (13410): Pin "pinout[3]" is stuck at GND
    Warning (13410): Pin "pinout[4]" is stuck at GND
    Warning (13410): Pin "pinout[5]" is stuck at GND
    Warning (13410): Pin "pinout[6]" is stuck at GND
    Warning (13410): Pin "pinout[7]" is stuck at GND
Info (17049): 37 registers lost all their fanouts during netlist optimizations.
Info (17036): Removed 7 MSB VCC or GND address nodes from RAM block "GG210:datapath|MEMDATA:mem|altsyncram:altsyncram_component|altsyncram_gra1:auto_generated|ALTSYNCRAM"
Info (16010): Generating hard_block partition "hard_block:auto_generated_inst"
    Info (16011): Adding 0 node(s), including 0 DDIO, 0 PLL, 0 transceiver and 0 LCELL
Warning (21074): Design contains 9 input pin(s) that do not drive logic
    Warning (15610): No output dependent on input pin "pinin[0]"
    Warning (15610): No output dependent on input pin "pinin[1]"
    Warning (15610): No output dependent on input pin "pinin[2]"
    Warning (15610): No output dependent on input pin "pinin[3]"
    Warning (15610): No output dependent on input pin "pinin[4]"
    Warning (15610): No output dependent on input pin "pinin[5]"
    Warning (15610): No output dependent on input pin "pinin[6]"
    Warning (15610): No output dependent on input pin "pinin[7]"
    Warning (15610): No output dependent on input pin "rst"
Info (21057): Implemented 41 device resources after synthesis - the final resource count might be different
    Info (21058): Implemented 10 input pins
    Info (21059): Implemented 16 output pins
    Info (21061): Implemented 8 logic cells
    Info (21064): Implemented 7 RAM segments
Info: Quartus II 64-Bit Analysis & Synthesis was successful. 0 errors, 128 warnings
    Info: Peak virtual memory: 4651 megabytes
    Info: Processing ended: Mon Nov 18 15:01:21 2019
    Info: Elapsed time: 00:00:03
    Info: Total CPU time (on all processors): 00:00:03


